<?xml version="1.0" encoding="UTF-8"?>
<testsuite name="Login Test"
           tests="3"
           failures="1"
           errors="0"
           skipped="0"
           time="3.580">
  <properties />
            <testcase name="verifyThatUserShouldCreateAccountSuccessfully" time="1.739" classname="com.nopcommerce.demo.testsuite.RegisterPageTest">
                <failure type="java.lang.StackOverflowError"
                  message="(null)"
              >
<![CDATA[java.lang.StackOverflowError
  com.nopcommerce.demo.pages.RegisterPage.getRegisterText(RegisterPage.java:60)
  com.nopcommerce.demo.pages.RegisterPage.getRegisterText(RegisterPage.java:60)
  com.nopcommerce.demo.pages.RegisterPage.getRegisterText(RegisterPage.java:60)
  com.nopcommerce.demo.pages.RegisterPage.getRegisterText(RegisterPage.java:60)
  com.nopcommerce.demo.pages.RegisterPage.getRegisterText(RegisterPage.java:60)
  com.nopcommerce.demo.pages.RegisterPage.getRegisterText(RegisterPage.java:60)
  com.nopcommerce.demo.pages.RegisterPage.getRegisterText(RegisterPage.java:60)
  com.nopcommerce.demo.pages.RegisterPage.getRegisterText(RegisterPage.java:60)
  com.nopcommerce.demo.pages.RegisterPage.getRegisterText(RegisterPage.java:60)
  com.nopcommerce.demo.pages.RegisterPage.getRegisterText(RegisterPage.java:60)
  com.nopcommerce.demo.pages.RegisterPage.getRegisterText(RegisterPage.java:60)
  com.nopcommerce.demo.pages.RegisterPage.getRegisterText(RegisterPage.java:60)
  com.nopcommerce.demo.pages.RegisterPage.getRegisterText(RegisterPage.java:60)
  com.nopcommerce.demo.pages.RegisterPage.getRegisterText(RegisterPage.java:60)
  com.nopcommerce.demo.pages.RegisterPage.getRegisterText(RegisterPage.java:60)
  com.nopcommerce.demo.pages.RegisterPage.getRegisterText(RegisterPage.java:60)
  com.nopcommerce.demo.pages.RegisterPage.getRegisterText(RegisterPage.java:60)
  com.nopcommerce.demo.pages.RegisterPage.getRegisterText(RegisterPage.java:60)
  com.nopcommerce.demo.pages.RegisterPage.getRegisterText(RegisterPage.java:60)
  com.nopcommerce.demo.pages.RegisterPage.getRegisterText(RegisterPage.java:60)
  com.nopcommerce.demo.pages.RegisterPage.getRegisterText(RegisterPage.java:60)
  com.nopcommerce.demo.pages.RegisterPage.getRegisterText(RegisterPage.java:60)
  com.nopcommerce.demo.pages.RegisterPage.getRegisterText(RegisterPage.java:60)
  com.nopcommerce.demo.pages.RegisterPage.getRegisterText(RegisterPage.java:60)
  com.nopcommerce.demo.pages.RegisterPage.getRegisterText(RegisterPage.java:60)
  com.nopcommerce.demo.pages.RegisterPage.getRegisterText(RegisterPage.java:60)
  com.nopcommerce.demo.pages.RegisterPage.getRegisterText(RegisterPage.java:60)
  com.nopcommerce.demo.pages.RegisterPage.getRegisterText(RegisterPage.java:60)
  com.nopcommerce.demo.pages.RegisterPage.getRegisterText(RegisterPage.java:60)
  com.nopcommerce.demo.pages.RegisterPage.getRegisterText(RegisterPage.java:60)
  com.nopcommerce.demo.pages.RegisterPage.getRegisterText(RegisterPage.java:60)
  com.nopcommerce.demo.pages.RegisterPage.getRegisterText(RegisterPage.java:60)
  com.nopcommerce.demo.pages.RegisterPage.getRegisterText(RegisterPage.java:60)
  com.nopcommerce.demo.pages.RegisterPage.getRegisterText(RegisterPage.java:60)
  com.nopcommerce.demo.pages.RegisterPage.getRegisterText(RegisterPage.java:60)
  com.nopcommerce.demo.pages.RegisterPage.getRegisterText(RegisterPage.java:60)
  com.nopcommerce.demo.pages.RegisterPage.getRegisterText(RegisterPage.java:60)
  com.nopcommerce.demo.pages.RegisterPage.getRegisterText(RegisterPage.java:60)
  com.nopcommerce.demo.pages.RegisterPage.getRegisterText(RegisterPage.java:60)
  com.nopcommerce.demo.pages.RegisterPage.getRegisterText(RegisterPage.java:60)
  com.nopcommerce.demo.pages.RegisterPage.getRegisterText(RegisterPage.java:60)
  com.nopcommerce.demo.pages.RegisterPage.getRegisterText(RegisterPage.java:60)
  com.nopcommerce.demo.pages.RegisterPage.getRegisterText(RegisterPage.java:60)
  com.nopcommerce.demo.pages.RegisterPage.getRegisterText(RegisterPage.java:60)
  com.nopcommerce.demo.pages.RegisterPage.getRegisterText(RegisterPage.java:60)
  com.nopcommerce.demo.pages.RegisterPage.getRegisterText(RegisterPage.java:60)
  com.nopcommerce.demo.pages.RegisterPage.getRegisterText(RegisterPage.java:60)
  com.nopcommerce.demo.pages.RegisterPage.getRegisterText(RegisterPage.java:60)
  com.nopcommerce.demo.pages.RegisterPage.getRegisterText(RegisterPage.java:60)
  com.nopcommerce.demo.pages.RegisterPage.getRegisterText(RegisterPage.java:60)
  com.nopcommerce.demo.pages.RegisterPage.getRegisterText(RegisterPage.java:60)
  com.nopcommerce.demo.pages.RegisterPage.getRegisterText(RegisterPage.java:60)
  com.nopcommerce.demo.pages.RegisterPage.getRegisterText(RegisterPage.java:60)
  com.nopcommerce.demo.pages.RegisterPage.getRegisterText(RegisterPage.java:60)
  com.nopcommerce.demo.pages.RegisterPage.getRegisterText(RegisterPage.java:60)
  com.nopcommerce.demo.pages.RegisterPage.getRegisterText(RegisterPage.java:60)
  com.nopcommerce.demo.pages.RegisterPage.getRegisterText(RegisterPage.java:60)
  com.nopcommerce.demo.pages.RegisterPage.getRegisterText(RegisterPage.java:60)
  com.nopcommerce.demo.pages.RegisterPage.getRegisterText(RegisterPage.java:60)
  com.nopcommerce.demo.pages.RegisterPage.getRegisterText(RegisterPage.java:60)
  com.nopcommerce.demo.pages.RegisterPage.getRegisterText(RegisterPage.java:60)
  com.nopcommerce.demo.pages.RegisterPage.getRegisterText(RegisterPage.java:60)
  com.nopcommerce.demo.pages.RegisterPage.getRegisterText(RegisterPage.java:60)
  com.nopcommerce.demo.pages.RegisterPage.getRegisterText(RegisterPage.java:60)
  com.nopcommerce.demo.pages.RegisterPage.getRegisterText(RegisterPage.java:60)
  com.nopcommerce.demo.pages.RegisterPage.getRegisterText(RegisterPage.java:60)
  com.nopcommerce.demo.pages.RegisterPage.getRegisterText(RegisterPage.java:60)
  com.nopcommerce.demo.pages.RegisterPage.getRegisterText(RegisterPage.java:60)
  com.nopcommerce.demo.pages.RegisterPage.getRegisterText(RegisterPage.java:60)
  com.nopcommerce.demo.pages.RegisterPage.getRegisterText(RegisterPage.java:60)
  com.nopcommerce.demo.pages.RegisterPage.getRegisterText(RegisterPage.java:60)
  com.nopcommerce.demo.pages.RegisterPage.getRegisterText(RegisterPage.java:60)
  com.nopcommerce.demo.pages.RegisterPage.getRegisterText(RegisterPage.java:60)
  com.nopcommerce.demo.pages.RegisterPage.getRegisterText(RegisterPage.java:60)
  com.nopcommerce.demo.pages.RegisterPage.getRegisterText(RegisterPage.java:60)
  com.nopcommerce.demo.pages.RegisterPage.getRegisterText(RegisterPage.java:60)
  com.nopcommerce.demo.pages.RegisterPage.getRegisterText(RegisterPage.java:60)
  com.nopcommerce.demo.pages.RegisterPage.getRegisterText(RegisterPage.java:60)
  com.nopcommerce.demo.pages.RegisterPage.getRegisterText(RegisterPage.java:60)
  com.nopcommerce.demo.pages.RegisterPage.getRegisterText(RegisterPage.java:60)
  com.nopcommerce.demo.pages.RegisterPage.getRegisterText(RegisterPage.java:60)
  com.nopcommerce.demo.pages.RegisterPage.getRegisterText(RegisterPage.java:60)
  com.nopcommerce.demo.pages.RegisterPage.getRegisterText(RegisterPage.java:60)
  com.nopcommerce.demo.pages.RegisterPage.getRegisterText(RegisterPage.java:60)
  com.nopcommerce.demo.pages.RegisterPage.getRegisterText(RegisterPage.java:60)
  com.nopcommerce.demo.pages.RegisterPage.getRegisterText(RegisterPage.java:60)
  com.nopcommerce.demo.pages.RegisterPage.getRegisterText(RegisterPage.java:60)
  com.nopcommerce.demo.pages.RegisterPage.getRegisterText(RegisterPage.java:60)
  com.nopcommerce.demo.pages.RegisterPage.getRegisterText(RegisterPage.java:60)
  com.nopcommerce.demo.pages.RegisterPage.getRegisterText(RegisterPage.java:60)
  com.nopcommerce.demo.pages.RegisterPage.getRegisterText(RegisterPage.java:60)
  com.nopcommerce.demo.pages.RegisterPage.getRegisterText(RegisterPage.java:60)
  com.nopcommerce.demo.pages.RegisterPage.getRegisterText(RegisterPage.java:60)
  com.nopcommerce.demo.pages.RegisterPage.getRegisterText(RegisterPage.java:60)
  com.nopcommerce.demo.pages.RegisterPage.getRegisterText(RegisterPage.java:60)
  com.nopcommerce.demo.pages.RegisterPage.getRegisterText(RegisterPage.java:60)
  com.nopcommerce.demo.pages.RegisterPage.getRegisterText(RegisterPage.java:60)
  com.nopcommerce.demo.pages.RegisterPage.getRegisterText(RegisterPage.java:60)
  com.nopcommerce.demo.pages.RegisterPage.getRegisterText(RegisterPage.java:60)
  com.nopcommerce.demo.pages.RegisterPage.getRegisterText(RegisterPage.java:60)
  com.nopcommerce.demo.pages.RegisterPage.getRegisterText(RegisterPage.java:60)
  com.nopcommerce.demo.pages.RegisterPage.getRegisterText(RegisterPage.java:60)
  com.nopcommerce.demo.pages.RegisterPage.getRegisterText(RegisterPage.java:60)
  com.nopcommerce.demo.pages.RegisterPage.getRegisterText(RegisterPage.java:60)
  com.nopcommerce.demo.pages.RegisterPage.getRegisterText(RegisterPage.java:60)
  com.nopcommerce.demo.pages.RegisterPage.getRegisterText(RegisterPage.java:60)
  com.nopcommerce.demo.pages.RegisterPage.getRegisterText(RegisterPage.java:60)
  com.nopcommerce.demo.pages.RegisterPage.getRegisterText(RegisterPage.java:60)
  com.nopcommerce.demo.pages.RegisterPage.getRegisterText(RegisterPage.java:60)
  com.nopcommerce.demo.pages.RegisterPage.getRegisterText(RegisterPage.java:60)
  com.nopcommerce.demo.pages.RegisterPage.getRegisterText(RegisterPage.java:60)
  com.nopcommerce.demo.pages.RegisterPage.getRegisterText(RegisterPage.java:60)
  com.nopcommerce.demo.pages.RegisterPage.getRegisterText(RegisterPage.java:60)
  com.nopcommerce.demo.pages.RegisterPage.getRegisterText(RegisterPage.java:60)
  com.nopcommerce.demo.pages.RegisterPage.getRegisterText(RegisterPage.java:60)
  com.nopcommerce.demo.pages.RegisterPage.getRegisterText(RegisterPage.java:60)
  com.nopcommerce.demo.pages.RegisterPage.getRegisterText(RegisterPage.java:60)
  com.nopcommerce.demo.pages.RegisterPage.getRegisterText(RegisterPage.java:60)
  com.nopcommerce.demo.pages.RegisterPage.getRegisterText(RegisterPage.java:60)
  com.nopcommerce.demo.pages.RegisterPage.getRegisterText(RegisterPage.java:60)
  com.nopcommerce.demo.pages.RegisterPage.getRegisterText(RegisterPage.java:60)
  com.nopcommerce.demo.pages.RegisterPage.getRegisterText(RegisterPage.java:60)
  com.nopcommerce.demo.pages.RegisterPage.getRegisterText(RegisterPage.java:60)
  com.nopcommerce.demo.pages.RegisterPage.getRegisterText(RegisterPage.java:60)
  com.nopcommerce.demo.pages.RegisterPage.getRegisterText(RegisterPage.java:60)
  com.nopcommerce.demo.pages.RegisterPage.getRegisterText(RegisterPage.java:60)
  com.nopcommerce.demo.pages.RegisterPage.getRegisterText(RegisterPage.java:60)
  com.nopcommerce.demo.pages.RegisterPage.getRegisterText(RegisterPage.java:60)
  com.nopcommerce.demo.pages.RegisterPage.getRegisterText(RegisterPage.java:60)
  com.nopcommerce.demo.pages.RegisterPage.getRegisterText(RegisterPage.java:60)
  com.nopcommerce.demo.pages.RegisterPage.getRegisterText(RegisterPage.java:60)
  com.nopcommerce.demo.pages.RegisterPage.getRegisterText(RegisterPage.java:60)
  com.nopcommerce.demo.pages.RegisterPage.getRegisterText(RegisterPage.java:60)
  com.nopcommerce.demo.pages.RegisterPage.getRegisterText(RegisterPage.java:60)
  com.nopcommerce.demo.pages.RegisterPage.getRegisterText(RegisterPage.java:60)
  com.nopcommerce.demo.pages.RegisterPage.getRegisterText(RegisterPage.java:60)
  com.nopcommerce.demo.pages.RegisterPage.getRegisterText(RegisterPage.java:60)
  com.nopcommerce.demo.pages.RegisterPage.getRegisterText(RegisterPage.java:60)
  com.nopcommerce.demo.pages.RegisterPage.getRegisterText(RegisterPage.java:60)
  com.nopcommerce.demo.pages.RegisterPage.getRegisterText(RegisterPage.java:60)
  com.nopcommerce.demo.pages.RegisterPage.getRegisterText(RegisterPage.java:60)
  com.nopcommerce.demo.pages.RegisterPage.getRegisterText(RegisterPage.java:60)
  com.nopcommerce.demo.pages.RegisterPage.getRegisterText(RegisterPage.java:60)
  com.nopcommerce.demo.pages.RegisterPage.getRegisterText(RegisterPage.java:60)
  com.nopcommerce.demo.pages.RegisterPage.getRegisterText(RegisterPage.java:60)
  com.nopcommerce.demo.pages.RegisterPage.getRegisterText(RegisterPage.java:60)
  com.nopcommerce.demo.pages.RegisterPage.getRegisterText(RegisterPage.java:60)
  com.nopcommerce.demo.pages.RegisterPage.getRegisterText(RegisterPage.java:60)
  com.nopcommerce.demo.pages.RegisterPage.getRegisterText(RegisterPage.java:60)
  com.nopcommerce.demo.pages.RegisterPage.getRegisterText(RegisterPage.java:60)
  com.nopcommerce.demo.pages.RegisterPage.getRegisterText(RegisterPage.java:60)
  com.nopcommerce.demo.pages.RegisterPage.getRegisterText(RegisterPage.java:60)
  com.nopcommerce.demo.pages.RegisterPage.getRegisterText(RegisterPage.java:60)
  com.nopcommerce.demo.pages.RegisterPage.getRegisterText(RegisterPage.java:60)
  com.nopcommerce.demo.pages.RegisterPage.getRegisterText(RegisterPage.java:60)
  com.nopcommerce.demo.pages.RegisterPage.getRegisterText(RegisterPage.java:60)
  com.nopcommerce.demo.pages.RegisterPage.getRegisterText(RegisterPage.java:60)
  com.nopcommerce.demo.pages.RegisterPage.getRegisterText(RegisterPage.java:60)
  com.nopcommerce.demo.pages.RegisterPage.getRegisterText(RegisterPage.java:60)
  com.nopcommerce.demo.pages.RegisterPage.getRegisterText(RegisterPage.java:60)
  com.nopcommerce.demo.pages.RegisterPage.getRegisterText(RegisterPage.java:60)
  com.nopcommerce.demo.pages.RegisterPage.getRegisterText(RegisterPage.java:60)
  com.nopcommerce.demo.pages.RegisterPage.getRegisterText(RegisterPage.java:60)
  com.nopcommerce.demo.pages.RegisterPage.getRegisterText(RegisterPage.java:60)
  com.nopcommerce.demo.pages.RegisterPage.getRegisterText(RegisterPage.java:60)
  com.nopcommerce.demo.pages.RegisterPage.getRegisterText(RegisterPage.java:60)
  com.nopcommerce.demo.pages.RegisterPage.getRegisterText(RegisterPage.java:60)
  com.nopcommerce.demo.pages.RegisterPage.getRegisterText(RegisterPage.java:60)
  com.nopcommerce.demo.pages.RegisterPage.getRegisterText(RegisterPage.java:60)
  com.nopcommerce.demo.pages.RegisterPage.getRegisterText(RegisterPage.java:60)
  com.nopcommerce.demo.pages.RegisterPage.getRegisterText(RegisterPage.java:60)
  com.nopcommerce.demo.pages.RegisterPage.getRegisterText(RegisterPage.java:60)
  com.nopcommerce.demo.pages.RegisterPage.getRegisterText(RegisterPage.java:60)
  com.nopcommerce.demo.pages.RegisterPage.getRegisterText(RegisterPage.java:60)
  com.nopcommerce.demo.pages.RegisterPage.getRegisterText(RegisterPage.java:60)
  com.nopcommerce.demo.pages.RegisterPage.getRegisterText(RegisterPage.java:60)
  com.nopcommerce.demo.pages.RegisterPage.getRegisterText(RegisterPage.java:60)
  com.nopcommerce.demo.pages.RegisterPage.getRegisterText(RegisterPage.java:60)
  com.nopcommerce.demo.pages.RegisterPage.getRegisterText(RegisterPage.java:60)
  com.nopcommerce.demo.pages.RegisterPage.getRegisterText(RegisterPage.java:60)
  com.nopcommerce.demo.pages.RegisterPage.getRegisterText(RegisterPage.java:60)
  com.nopcommerce.demo.pages.RegisterPage.getRegisterText(RegisterPage.java:60)
  com.nopcommerce.demo.pages.RegisterPage.getRegisterText(RegisterPage.java:60)
  com.nopcommerce.demo.pages.RegisterPage.getRegisterText(RegisterPage.java:60)
  com.nopcommerce.demo.pages.RegisterPage.getRegisterText(RegisterPage.java:60)
  com.nopcommerce.demo.pages.RegisterPage.getRegisterText(RegisterPage.java:60)
  com.nopcommerce.demo.pages.RegisterPage.getRegisterText(RegisterPage.java:60)
  com.nopcommerce.demo.pages.RegisterPage.getRegisterText(RegisterPage.java:60)
  com.nopcommerce.demo.pages.RegisterPage.getRegisterText(RegisterPage.java:60)
  com.nopcommerce.demo.pages.RegisterPage.getRegisterText(RegisterPage.java:60)
  com.nopcommerce.demo.pages.RegisterPage.getRegisterText(RegisterPage.java:60)
  com.nopcommerce.demo.pages.RegisterPage.getRegisterText(RegisterPage.java:60)
  com.nopcommerce.demo.pages.RegisterPage.getRegisterText(RegisterPage.java:60)
  com.nopcommerce.demo.pages.RegisterPage.getRegisterText(RegisterPage.java:60)
  com.nopcommerce.demo.pages.RegisterPage.getRegisterText(RegisterPage.java:60)
  com.nopcommerce.demo.pages.RegisterPage.getRegisterText(RegisterPage.java:60)
  com.nopcommerce.demo.pages.RegisterPage.getRegisterText(RegisterPage.java:60)
  com.nopcommerce.demo.pages.RegisterPage.getRegisterText(RegisterPage.java:60)
  com.nopcommerce.demo.pages.RegisterPage.getRegisterText(RegisterPage.java:60)
  com.nopcommerce.demo.pages.RegisterPage.getRegisterText(RegisterPage.java:60)
  com.nopcommerce.demo.pages.RegisterPage.getRegisterText(RegisterPage.java:60)
  com.nopcommerce.demo.pages.RegisterPage.getRegisterText(RegisterPage.java:60)
  com.nopcommerce.demo.pages.RegisterPage.getRegisterText(RegisterPage.java:60)
  com.nopcommerce.demo.pages.RegisterPage.getRegisterText(RegisterPage.java:60)
  com.nopcommerce.demo.pages.RegisterPage.getRegisterText(RegisterPage.java:60)
  com.nopcommerce.demo.pages.RegisterPage.getRegisterText(RegisterPage.java:60)
  com.nopcommerce.demo.pages.RegisterPage.getRegisterText(RegisterPage.java:60)
  com.nopcommerce.demo.pages.RegisterPage.getRegisterText(RegisterPage.java:60)
  com.nopcommerce.demo.pages.RegisterPage.getRegisterText(RegisterPage.java:60)
  com.nopcommerce.demo.pages.RegisterPage.getRegisterText(RegisterPage.java:60)
  com.nopcommerce.demo.pages.RegisterPage.getRegisterText(RegisterPage.java:60)
  com.nopcommerce.demo.pages.RegisterPage.getRegisterText(RegisterPage.java:60)
  com.nopcommerce.demo.pages.RegisterPage.getRegisterText(RegisterPage.java:60)
  com.nopcommerce.demo.pages.RegisterPage.getRegisterText(RegisterPage.java:60)
  com.nopcommerce.demo.pages.RegisterPage.getRegisterText(RegisterPage.java:60)
  com.nopcommerce.demo.pages.RegisterPage.getRegisterText(RegisterPage.java:60)
  com.nopcommerce.demo.pages.RegisterPage.getRegisterText(RegisterPage.java:60)
  com.nopcommerce.demo.pages.RegisterPage.getRegisterText(RegisterPage.java:60)
  com.nopcommerce.demo.pages.RegisterPage.getRegisterText(RegisterPage.java:60)
  com.nopcommerce.demo.pages.RegisterPage.getRegisterText(RegisterPage.java:60)
  com.nopcommerce.demo.pages.RegisterPage.getRegisterText(RegisterPage.java:60)
  com.nopcommerce.demo.pages.RegisterPage.getRegisterText(RegisterPage.java:60)
  com.nopcommerce.demo.pages.RegisterPage.getRegisterText(RegisterPage.java:60)
  com.nopcommerce.demo.pages.RegisterPage.getRegisterText(RegisterPage.java:60)
  com.nopcommerce.demo.pages.RegisterPage.getRegisterText(RegisterPage.java:60)
  com.nopcommerce.demo.pages.RegisterPage.getRegisterText(RegisterPage.java:60)
  com.nopcommerce.demo.pages.RegisterPage.getRegisterText(RegisterPage.java:60)
  com.nopcommerce.demo.pages.RegisterPage.getRegisterText(RegisterPage.java:60)
  com.nopcommerce.demo.pages.RegisterPage.getRegisterText(RegisterPage.java:60)
  com.nopcommerce.demo.pages.RegisterPage.getRegisterText(RegisterPage.java:60)
  com.nopcommerce.demo.pages.RegisterPage.getRegisterText(RegisterPage.java:60)
  com.nopcommerce.demo.pages.RegisterPage.getRegisterText(RegisterPage.java:60)
  com.nopcommerce.demo.pages.RegisterPage.getRegisterText(RegisterPage.java:60)
  com.nopcommerce.demo.pages.RegisterPage.getRegisterText(RegisterPage.java:60)
  com.nopcommerce.demo.pages.RegisterPage.getRegisterText(RegisterPage.java:60)
  com.nopcommerce.demo.pages.RegisterPage.getRegisterText(RegisterPage.java:60)
  com.nopcommerce.demo.pages.RegisterPage.getRegisterText(RegisterPage.java:60)
  com.nopcommerce.demo.pages.RegisterPage.getRegisterText(RegisterPage.java:60)
  com.nopcommerce.demo.pages.RegisterPage.getRegisterText(RegisterPage.java:60)
  com.nopcommerce.demo.pages.RegisterPage.getRegisterText(RegisterPage.java:60)
  com.nopcommerce.demo.pages.RegisterPage.getRegisterText(RegisterPage.java:60)
  com.nopcommerce.demo.pages.RegisterPage.getRegisterText(RegisterPage.java:60)
  com.nopcommerce.demo.pages.RegisterPage.getRegisterText(RegisterPage.java:60)
  com.nopcommerce.demo.pages.RegisterPage.getRegisterText(RegisterPage.java:60)
  com.nopcommerce.demo.pages.RegisterPage.getRegisterText(RegisterPage.java:60)
  com.nopcommerce.demo.pages.RegisterPage.getRegisterText(RegisterPage.java:60)
  com.nopcommerce.demo.pages.RegisterPage.getRegisterText(RegisterPage.java:60)
  com.nopcommerce.demo.pages.RegisterPage.getRegisterText(RegisterPage.java:60)
  com.nopcommerce.demo.pages.RegisterPage.getRegisterText(RegisterPage.java:60)
  com.nopcommerce.demo.pages.RegisterPage.getRegisterText(RegisterPage.java:60)
  com.nopcommerce.demo.pages.RegisterPage.getRegisterText(RegisterPage.java:60)
  com.nopcommerce.demo.pages.RegisterPage.getRegisterText(RegisterPage.java:60)
  com.nopcommerce.demo.pages.RegisterPage.getRegisterText(RegisterPage.java:60)
  com.nopcommerce.demo.pages.RegisterPage.getRegisterText(RegisterPage.java:60)
  com.nopcommerce.demo.pages.RegisterPage.getRegisterText(RegisterPage.java:60)
  com.nopcommerce.demo.pages.RegisterPage.getRegisterText(RegisterPage.java:60)
  com.nopcommerce.demo.pages.RegisterPage.getRegisterText(RegisterPage.java:60)
  com.nopcommerce.demo.pages.RegisterPage.getRegisterText(RegisterPage.java:60)
  com.nopcommerce.demo.pages.RegisterPage.getRegisterText(RegisterPage.java:60)
  com.nopcommerce.demo.pages.RegisterPage.getRegisterText(RegisterPage.java:60)
  com.nopcommerce.demo.pages.RegisterPage.getRegisterText(RegisterPage.java:60)
  com.nopcommerce.demo.pages.RegisterPage.getRegisterText(RegisterPage.java:60)
  com.nopcommerce.demo.pages.RegisterPage.getRegisterText(RegisterPage.java:60)
  com.nopcommerce.demo.pages.RegisterPage.getRegisterText(RegisterPage.java:60)
  com.nopcommerce.demo.pages.RegisterPage.getRegisterText(RegisterPage.java:60)
  com.nopcommerce.demo.pages.RegisterPage.getRegisterText(RegisterPage.java:60)
  com.nopcommerce.demo.pages.RegisterPage.getRegisterText(RegisterPage.java:60)
  com.nopcommerce.demo.pages.RegisterPage.getRegisterText(RegisterPage.java:60)
  com.nopcommerce.demo.pages.RegisterPage.getRegisterText(RegisterPage.java:60)
  com.nopcommerce.demo.pages.RegisterPage.getRegisterText(RegisterPage.java:60)
  com.nopcommerce.demo.pages.RegisterPage.getRegisterText(RegisterPage.java:60)
  com.nopcommerce.demo.pages.RegisterPage.getRegisterText(RegisterPage.java:60)
  com.nopcommerce.demo.pages.RegisterPage.getRegisterText(RegisterPage.java:60)
  com.nopcommerce.demo.pages.RegisterPage.getRegisterText(RegisterPage.java:60)
  com.nopcommerce.demo.pages.RegisterPage.getRegisterText(RegisterPage.java:60)
  com.nopcommerce.demo.pages.RegisterPage.getRegisterText(RegisterPage.java:60)
  com.nopcommerce.demo.pages.RegisterPage.getRegisterText(RegisterPage.java:60)
  com.nopcommerce.demo.pages.RegisterPage.getRegisterText(RegisterPage.java:60)
  com.nopcommerce.demo.pages.RegisterPage.getRegisterText(RegisterPage.java:60)
  com.nopcommerce.demo.pages.RegisterPage.getRegisterText(RegisterPage.java:60)
  com.nopcommerce.demo.pages.RegisterPage.getRegisterText(RegisterPage.java:60)
  com.nopcommerce.demo.pages.RegisterPage.getRegisterText(RegisterPage.java:60)
  com.nopcommerce.demo.pages.RegisterPage.getRegisterText(RegisterPage.java:60)
  com.nopcommerce.demo.pages.RegisterPage.getRegisterText(RegisterPage.java:60)
  com.nopcommerce.demo.pages.RegisterPage.getRegisterText(RegisterPage.java:60)
  com.nopcommerce.demo.pages.RegisterPage.getRegisterText(RegisterPage.java:60)
  com.nopcommerce.demo.pages.RegisterPage.getRegisterText(RegisterPage.java:60)
  com.nopcommerce.demo.pages.RegisterPage.getRegisterText(RegisterPage.java:60)
  com.nopcommerce.demo.pages.RegisterPage.getRegisterText(RegisterPage.java:60)
  com.nopcommerce.demo.pages.RegisterPage.getRegisterText(RegisterPage.java:60)
  com.nopcommerce.demo.pages.RegisterPage.getRegisterText(RegisterPage.java:60)
  com.nopcommerce.demo.pages.RegisterPage.getRegisterText(RegisterPage.java:60)
  com.nopcommerce.demo.pages.RegisterPage.getRegisterText(RegisterPage.java:60)
  com.nopcommerce.demo.pages.RegisterPage.getRegisterText(RegisterPage.java:60)
  com.nopcommerce.demo.pages.RegisterPage.getRegisterText(RegisterPage.java:60)
  com.nopcommerce.demo.pages.RegisterPage.getRegisterText(RegisterPage.java:60)
  com.nopcommerce.demo.pages.RegisterPage.getRegisterText(RegisterPage.java:60)
  com.nopcommerce.demo.pages.RegisterPage.getRegisterText(RegisterPage.java:60)
  com.nopcommerce.demo.pages.RegisterPage.getRegisterText(RegisterPage.java:60)
  com.nopcommerce.demo.pages.RegisterPage.getRegisterText(RegisterPage.java:60)
  com.nopcommerce.demo.pages.RegisterPage.getRegisterText(RegisterPage.java:60)
  com.nopcommerce.demo.pages.RegisterPage.getRegisterText(RegisterPage.java:60)
  com.nopcommerce.demo.pages.RegisterPage.getRegisterText(RegisterPage.java:60)
  com.nopcommerce.demo.pages.RegisterPage.getRegisterText(RegisterPage.java:60)
  com.nopcommerce.demo.pages.RegisterPage.getRegisterText(RegisterPage.java:60)
  com.nopcommerce.demo.pages.RegisterPage.getRegisterText(RegisterPage.java:60)
  com.nopcommerce.demo.pages.RegisterPage.getRegisterText(RegisterPage.java:60)
  com.nopcommerce.demo.pages.RegisterPage.getRegisterText(RegisterPage.java:60)
  com.nopcommerce.demo.pages.RegisterPage.getRegisterText(RegisterPage.java:60)
  com.nopcommerce.demo.pages.RegisterPage.getRegisterText(RegisterPage.java:60)
  com.nopcommerce.demo.pages.RegisterPage.getRegisterText(RegisterPage.java:60)
  com.nopcommerce.demo.pages.RegisterPage.getRegisterText(RegisterPage.java:60)
  com.nopcommerce.demo.pages.RegisterPage.getRegisterText(RegisterPage.java:60)
  com.nopcommerce.demo.pages.RegisterPage.getRegisterText(RegisterPage.java:60)
  com.nopcommerce.demo.pages.RegisterPage.getRegisterText(RegisterPage.java:60)
  com.nopcommerce.demo.pages.RegisterPage.getRegisterText(RegisterPage.java:60)
  com.nopcommerce.demo.pages.RegisterPage.getRegisterText(RegisterPage.java:60)
  com.nopcommerce.demo.pages.RegisterPage.getRegisterText(RegisterPage.java:60)
  com.nopcommerce.demo.pages.RegisterPage.getRegisterText(RegisterPage.java:60)
  com.nopcommerce.demo.pages.RegisterPage.getRegisterText(RegisterPage.java:60)
  com.nopcommerce.demo.pages.RegisterPage.getRegisterText(RegisterPage.java:60)
  com.nopcommerce.demo.pages.RegisterPage.getRegisterText(RegisterPage.java:60)
  com.nopcommerce.demo.pages.RegisterPage.getRegisterText(RegisterPage.java:60)
  com.nopcommerce.demo.pages.RegisterPage.getRegisterText(RegisterPage.java:60)
  com.nopcommerce.demo.pages.RegisterPage.getRegisterText(RegisterPage.java:60)
  com.nopcommerce.demo.pages.RegisterPage.getRegisterText(RegisterPage.java:60)
  com.nopcommerce.demo.pages.RegisterPage.getRegisterText(RegisterPage.java:60)
  com.nopcommerce.demo.pages.RegisterPage.getRegisterText(RegisterPage.java:60)
  com.nopcommerce.demo.pages.RegisterPage.getRegisterText(RegisterPage.java:60)
  com.nopcommerce.demo.pages.RegisterPage.getRegisterText(RegisterPage.java:60)
  com.nopcommerce.demo.pages.RegisterPage.getRegisterText(RegisterPage.java:60)
  com.nopcommerce.demo.pages.RegisterPage.getRegisterText(RegisterPage.java:60)
  com.nopcommerce.demo.pages.RegisterPage.getRegisterText(RegisterPage.java:60)
  com.nopcommerce.demo.pages.RegisterPage.getRegisterText(RegisterPage.java:60)
  com.nopcommerce.demo.pages.RegisterPage.getRegisterText(RegisterPage.java:60)
  com.nopcommerce.demo.pages.RegisterPage.getRegisterText(RegisterPage.java:60)
  com.nopcommerce.demo.pages.RegisterPage.getRegisterText(RegisterPage.java:60)
  com.nopcommerce.demo.pages.RegisterPage.getRegisterText(RegisterPage.java:60)
  com.nopcommerce.demo.pages.RegisterPage.getRegisterText(RegisterPage.java:60)
  com.nopcommerce.demo.pages.RegisterPage.getRegisterText(RegisterPage.java:60)
  com.nopcommerce.demo.pages.RegisterPage.getRegisterText(RegisterPage.java:60)
  com.nopcommerce.demo.pages.RegisterPage.getRegisterText(RegisterPage.java:60)
  com.nopcommerce.demo.pages.RegisterPage.getRegisterText(RegisterPage.java:60)
  com.nopcommerce.demo.pages.RegisterPage.getRegisterText(RegisterPage.java:60)
  com.nopcommerce.demo.pages.RegisterPage.getRegisterText(RegisterPage.java:60)
  com.nopcommerce.demo.pages.RegisterPage.getRegisterText(RegisterPage.java:60)
  com.nopcommerce.demo.pages.RegisterPage.getRegisterText(RegisterPage.java:60)
  com.nopcommerce.demo.pages.RegisterPage.getRegisterText(RegisterPage.java:60)
  com.nopcommerce.demo.pages.RegisterPage.getRegisterText(RegisterPage.java:60)
  com.nopcommerce.demo.pages.RegisterPage.getRegisterText(RegisterPage.java:60)
  com.nopcommerce.demo.pages.RegisterPage.getRegisterText(RegisterPage.java:60)
  com.nopcommerce.demo.pages.RegisterPage.getRegisterText(RegisterPage.java:60)
  com.nopcommerce.demo.pages.RegisterPage.getRegisterText(RegisterPage.java:60)
  com.nopcommerce.demo.pages.RegisterPage.getRegisterText(RegisterPage.java:60)
  com.nopcommerce.demo.pages.RegisterPage.getRegisterText(RegisterPage.java:60)
  com.nopcommerce.demo.pages.RegisterPage.getRegisterText(RegisterPage.java:60)
  com.nopcommerce.demo.pages.RegisterPage.getRegisterText(RegisterPage.java:60)
  com.nopcommerce.demo.pages.RegisterPage.getRegisterText(RegisterPage.java:60)
  com.nopcommerce.demo.pages.RegisterPage.getRegisterText(RegisterPage.java:60)
  com.nopcommerce.demo.pages.RegisterPage.getRegisterText(RegisterPage.java:60)
  com.nopcommerce.demo.pages.RegisterPage.getRegisterText(RegisterPage.java:60)
  com.nopcommerce.demo.pages.RegisterPage.getRegisterText(RegisterPage.java:60)
  com.nopcommerce.demo.pages.RegisterPage.getRegisterText(RegisterPage.java:60)
  com.nopcommerce.demo.pages.RegisterPage.getRegisterText(RegisterPage.java:60)
  com.nopcommerce.demo.pages.RegisterPage.getRegisterText(RegisterPage.java:60)
  com.nopcommerce.demo.pages.RegisterPage.getRegisterText(RegisterPage.java:60)
  com.nopcommerce.demo.pages.RegisterPage.getRegisterText(RegisterPage.java:60)
  com.nopcommerce.demo.pages.RegisterPage.getRegisterText(RegisterPage.java:60)
  com.nopcommerce.demo.pages.RegisterPage.getRegisterText(RegisterPage.java:60)
  com.nopcommerce.demo.pages.RegisterPage.getRegisterText(RegisterPage.java:60)
  com.nopcommerce.demo.pages.RegisterPage.getRegisterText(RegisterPage.java:60)
  com.nopcommerce.demo.pages.RegisterPage.getRegisterText(RegisterPage.java:60)
  com.nopcommerce.demo.pages.RegisterPage.getRegisterText(RegisterPage.java:60)
  com.nopcommerce.demo.pages.RegisterPage.getRegisterText(RegisterPage.java:60)
  com.nopcommerce.demo.pages.RegisterPage.getRegisterText(RegisterPage.java:60)
  com.nopcommerce.demo.pages.RegisterPage.getRegisterText(RegisterPage.java:60)
  com.nopcommerce.demo.pages.RegisterPage.getRegisterText(RegisterPage.java:60)
  com.nopcommerce.demo.pages.RegisterPage.getRegisterText(RegisterPage.java:60)
  com.nopcommerce.demo.pages.RegisterPage.getRegisterText(RegisterPage.java:60)
  com.nopcommerce.demo.pages.RegisterPage.getRegisterText(RegisterPage.java:60)
  com.nopcommerce.demo.pages.RegisterPage.getRegisterText(RegisterPage.java:60)
  com.nopcommerce.demo.pages.RegisterPage.getRegisterText(RegisterPage.java:60)
  com.nopcommerce.demo.pages.RegisterPage.getRegisterText(RegisterPage.java:60)
  com.nopcommerce.demo.pages.RegisterPage.getRegisterText(RegisterPage.java:60)
  com.nopcommerce.demo.pages.RegisterPage.getRegisterText(RegisterPage.java:60)
  com.nopcommerce.demo.pages.RegisterPage.getRegisterText(RegisterPage.java:60)
  com.nopcommerce.demo.pages.RegisterPage.getRegisterText(RegisterPage.java:60)
  com.nopcommerce.demo.pages.RegisterPage.getRegisterText(RegisterPage.java:60)
  com.nopcommerce.demo.pages.RegisterPage.getRegisterText(RegisterPage.java:60)
  com.nopcommerce.demo.pages.RegisterPage.getRegisterText(RegisterPage.java:60)
  com.nopcommerce.demo.pages.RegisterPage.getRegisterText(RegisterPage.java:60)
  com.nopcommerce.demo.pages.RegisterPage.getRegisterText(RegisterPage.java:60)
  com.nopcommerce.demo.pages.RegisterPage.getRegisterText(RegisterPage.java:60)
  com.nopcommerce.demo.pages.RegisterPage.getRegisterText(RegisterPage.java:60)
  com.nopcommerce.demo.pages.RegisterPage.getRegisterText(RegisterPage.java:60)
  com.nopcommerce.demo.pages.RegisterPage.getRegisterText(RegisterPage.java:60)
  com.nopcommerce.demo.pages.RegisterPage.getRegisterText(RegisterPage.java:60)
  com.nopcommerce.demo.pages.RegisterPage.getRegisterText(RegisterPage.java:60)
  com.nopcommerce.demo.pages.RegisterPage.getRegisterText(RegisterPage.java:60)
  com.nopcommerce.demo.pages.RegisterPage.getRegisterText(RegisterPage.java:60)
  com.nopcommerce.demo.pages.RegisterPage.getRegisterText(RegisterPage.java:60)
  com.nopcommerce.demo.pages.RegisterPage.getRegisterText(RegisterPage.java:60)
  com.nopcommerce.demo.pages.RegisterPage.getRegisterText(RegisterPage.java:60)
  com.nopcommerce.demo.pages.RegisterPage.getRegisterText(RegisterPage.java:60)
  com.nopcommerce.demo.pages.RegisterPage.getRegisterText(RegisterPage.java:60)
  com.nopcommerce.demo.pages.RegisterPage.getRegisterText(RegisterPage.java:60)
  com.nopcommerce.demo.pages.RegisterPage.getRegisterText(RegisterPage.java:60)
  com.nopcommerce.demo.pages.RegisterPage.getRegisterText(RegisterPage.java:60)
  com.nopcommerce.demo.pages.RegisterPage.getRegisterText(RegisterPage.java:60)
  com.nopcommerce.demo.pages.RegisterPage.getRegisterText(RegisterPage.java:60)
  com.nopcommerce.demo.pages.RegisterPage.getRegisterText(RegisterPage.java:60)
  com.nopcommerce.demo.pages.RegisterPage.getRegisterText(RegisterPage.java:60)
  com.nopcommerce.demo.pages.RegisterPage.getRegisterText(RegisterPage.java:60)
  com.nopcommerce.demo.pages.RegisterPage.getRegisterText(RegisterPage.java:60)
  com.nopcommerce.demo.pages.RegisterPage.getRegisterText(RegisterPage.java:60)
  com.nopcommerce.demo.pages.RegisterPage.getRegisterText(RegisterPage.java:60)
  com.nopcommerce.demo.pages.RegisterPage.getRegisterText(RegisterPage.java:60)
  com.nopcommerce.demo.pages.RegisterPage.getRegisterText(RegisterPage.java:60)
  com.nopcommerce.demo.pages.RegisterPage.getRegisterText(RegisterPage.java:60)
  com.nopcommerce.demo.pages.RegisterPage.getRegisterText(RegisterPage.java:60)
  com.nopcommerce.demo.pages.RegisterPage.getRegisterText(RegisterPage.java:60)
  com.nopcommerce.demo.pages.RegisterPage.getRegisterText(RegisterPage.java:60)
  com.nopcommerce.demo.pages.RegisterPage.getRegisterText(RegisterPage.java:60)
  com.nopcommerce.demo.pages.RegisterPage.getRegisterText(RegisterPage.java:60)
  com.nopcommerce.demo.pages.RegisterPage.getRegisterText(RegisterPage.java:60)
  com.nopcommerce.demo.pages.RegisterPage.getRegisterText(RegisterPage.java:60)
  com.nopcommerce.demo.pages.RegisterPage.getRegisterText(RegisterPage.java:60)
  com.nopcommerce.demo.pages.RegisterPage.getRegisterText(RegisterPage.java:60)
  com.nopcommerce.demo.pages.RegisterPage.getRegisterText(RegisterPage.java:60)
  com.nopcommerce.demo.pages.RegisterPage.getRegisterText(RegisterPage.java:60)
  com.nopcommerce.demo.pages.RegisterPage.getRegisterText(RegisterPage.java:60)
  com.nopcommerce.demo.pages.RegisterPage.getRegisterText(RegisterPage.java:60)
  com.nopcommerce.demo.pages.RegisterPage.getRegisterText(RegisterPage.java:60)
  com.nopcommerce.demo.pages.RegisterPage.getRegisterText(RegisterPage.java:60)
  com.nopcommerce.demo.pages.RegisterPage.getRegisterText(RegisterPage.java:60)
  com.nopcommerce.demo.pages.RegisterPage.getRegisterText(RegisterPage.java:60)
  com.nopcommerce.demo.pages.RegisterPage.getRegisterText(RegisterPage.java:60)
  com.nopcommerce.demo.pages.RegisterPage.getRegisterText(RegisterPage.java:60)
  com.nopcommerce.demo.pages.RegisterPage.getRegisterText(RegisterPage.java:60)
  com.nopcommerce.demo.pages.RegisterPage.getRegisterText(RegisterPage.java:60)
  com.nopcommerce.demo.pages.RegisterPage.getRegisterText(RegisterPage.java:60)
  com.nopcommerce.demo.pages.RegisterPage.getRegisterText(RegisterPage.java:60)
  com.nopcommerce.demo.pages.RegisterPage.getRegisterText(RegisterPage.java:60)
  com.nopcommerce.demo.pages.RegisterPage.getRegisterText(RegisterPage.java:60)
  com.nopcommerce.demo.pages.RegisterPage.getRegisterText(RegisterPage.java:60)
  com.nopcommerce.demo.pages.RegisterPage.getRegisterText(RegisterPage.java:60)
  com.nopcommerce.demo.pages.RegisterPage.getRegisterText(RegisterPage.java:60)
  com.nopcommerce.demo.pages.RegisterPage.getRegisterText(RegisterPage.java:60)
  com.nopcommerce.demo.pages.RegisterPage.getRegisterText(RegisterPage.java:60)
  com.nopcommerce.demo.pages.RegisterPage.getRegisterText(RegisterPage.java:60)
  com.nopcommerce.demo.pages.RegisterPage.getRegisterText(RegisterPage.java:60)
  com.nopcommerce.demo.pages.RegisterPage.getRegisterText(RegisterPage.java:60)
  com.nopcommerce.demo.pages.RegisterPage.getRegisterText(RegisterPage.java:60)
  com.nopcommerce.demo.pages.RegisterPage.getRegisterText(RegisterPage.java:60)
  com.nopcommerce.demo.pages.RegisterPage.getRegisterText(RegisterPage.java:60)
  com.nopcommerce.demo.pages.RegisterPage.getRegisterText(RegisterPage.java:60)
  com.nopcommerce.demo.pages.RegisterPage.getRegisterText(RegisterPage.java:60)
  com.nopcommerce.demo.pages.RegisterPage.getRegisterText(RegisterPage.java:60)
  com.nopcommerce.demo.pages.RegisterPage.getRegisterText(RegisterPage.java:60)
  com.nopcommerce.demo.pages.RegisterPage.getRegisterText(RegisterPage.java:60)
  com.nopcommerce.demo.pages.RegisterPage.getRegisterText(RegisterPage.java:60)
  com.nopcommerce.demo.pages.RegisterPage.getRegisterText(RegisterPage.java:60)
  com.nopcommerce.demo.pages.RegisterPage.getRegisterText(RegisterPage.java:60)
  com.nopcommerce.demo.pages.RegisterPage.getRegisterText(RegisterPage.java:60)
  com.nopcommerce.demo.pages.RegisterPage.getRegisterText(RegisterPage.java:60)
  com.nopcommerce.demo.pages.RegisterPage.getRegisterText(RegisterPage.java:60)
  com.nopcommerce.demo.pages.RegisterPage.getRegisterText(RegisterPage.java:60)
  com.nopcommerce.demo.pages.RegisterPage.getRegisterText(RegisterPage.java:60)
  com.nopcommerce.demo.pages.RegisterPage.getRegisterText(RegisterPage.java:60)
  com.nopcommerce.demo.pages.RegisterPage.getRegisterText(RegisterPage.java:60)
  com.nopcommerce.demo.pages.RegisterPage.getRegisterText(RegisterPage.java:60)
  com.nopcommerce.demo.pages.RegisterPage.getRegisterText(RegisterPage.java:60)
  com.nopcommerce.demo.pages.RegisterPage.getRegisterText(RegisterPage.java:60)
  com.nopcommerce.demo.pages.RegisterPage.getRegisterText(RegisterPage.java:60)
  com.nopcommerce.demo.pages.RegisterPage.getRegisterText(RegisterPage.java:60)
  com.nopcommerce.demo.pages.RegisterPage.getRegisterText(RegisterPage.java:60)
  com.nopcommerce.demo.pages.RegisterPage.getRegisterText(RegisterPage.java:60)
  com.nopcommerce.demo.pages.RegisterPage.getRegisterText(RegisterPage.java:60)
  com.nopcommerce.demo.pages.RegisterPage.getRegisterText(RegisterPage.java:60)
  com.nopcommerce.demo.pages.RegisterPage.getRegisterText(RegisterPage.java:60)
  com.nopcommerce.demo.pages.RegisterPage.getRegisterText(RegisterPage.java:60)
  com.nopcommerce.demo.pages.RegisterPage.getRegisterText(RegisterPage.java:60)
  com.nopcommerce.demo.pages.RegisterPage.getRegisterText(RegisterPage.java:60)
  com.nopcommerce.demo.pages.RegisterPage.getRegisterText(RegisterPage.java:60)
  com.nopcommerce.demo.pages.RegisterPage.getRegisterText(RegisterPage.java:60)
  com.nopcommerce.demo.pages.RegisterPage.getRegisterText(RegisterPage.java:60)
  com.nopcommerce.demo.pages.RegisterPage.getRegisterText(RegisterPage.java:60)
  com.nopcommerce.demo.pages.RegisterPage.getRegisterText(RegisterPage.java:60)
  com.nopcommerce.demo.pages.RegisterPage.getRegisterText(RegisterPage.java:60)
  com.nopcommerce.demo.pages.RegisterPage.getRegisterText(RegisterPage.java:60)
  com.nopcommerce.demo.pages.RegisterPage.getRegisterText(RegisterPage.java:60)
  com.nopcommerce.demo.pages.RegisterPage.getRegisterText(RegisterPage.java:60)
  com.nopcommerce.demo.pages.RegisterPage.getRegisterText(RegisterPage.java:60)
  com.nopcommerce.demo.pages.RegisterPage.getRegisterText(RegisterPage.java:60)
  com.nopcommerce.demo.pages.RegisterPage.getRegisterText(RegisterPage.java:60)
  com.nopcommerce.demo.pages.RegisterPage.getRegisterText(RegisterPage.java:60)
  com.nopcommerce.demo.pages.RegisterPage.getRegisterText(RegisterPage.java:60)
  com.nopcommerce.demo.pages.RegisterPage.getRegisterText(RegisterPage.java:60)
  com.nopcommerce.demo.pages.RegisterPage.getRegisterText(RegisterPage.java:60)
  com.nopcommerce.demo.pages.RegisterPage.getRegisterText(RegisterPage.java:60)
  com.nopcommerce.demo.pages.RegisterPage.getRegisterText(RegisterPage.java:60)
  com.nopcommerce.demo.pages.RegisterPage.getRegisterText(RegisterPage.java:60)
  com.nopcommerce.demo.pages.RegisterPage.getRegisterText(RegisterPage.java:60)
  com.nopcommerce.demo.pages.RegisterPage.getRegisterText(RegisterPage.java:60)
  com.nopcommerce.demo.pages.RegisterPage.getRegisterText(RegisterPage.java:60)
  com.nopcommerce.demo.pages.RegisterPage.getRegisterText(RegisterPage.java:60)
  com.nopcommerce.demo.pages.RegisterPage.getRegisterText(RegisterPage.java:60)
  com.nopcommerce.demo.pages.RegisterPage.getRegisterText(RegisterPage.java:60)
  com.nopcommerce.demo.pages.RegisterPage.getRegisterText(RegisterPage.java:60)
  com.nopcommerce.demo.pages.RegisterPage.getRegisterText(RegisterPage.java:60)
  com.nopcommerce.demo.pages.RegisterPage.getRegisterText(RegisterPage.java:60)
  com.nopcommerce.demo.pages.RegisterPage.getRegisterText(RegisterPage.java:60)
  com.nopcommerce.demo.pages.RegisterPage.getRegisterText(RegisterPage.java:60)
  com.nopcommerce.demo.pages.RegisterPage.getRegisterText(RegisterPage.java:60)
  com.nopcommerce.demo.pages.RegisterPage.getRegisterText(RegisterPage.java:60)
  com.nopcommerce.demo.pages.RegisterPage.getRegisterText(RegisterPage.java:60)
  com.nopcommerce.demo.pages.RegisterPage.getRegisterText(RegisterPage.java:60)
  com.nopcommerce.demo.pages.RegisterPage.getRegisterText(RegisterPage.java:60)
  com.nopcommerce.demo.pages.RegisterPage.getRegisterText(RegisterPage.java:60)
  com.nopcommerce.demo.pages.RegisterPage.getRegisterText(RegisterPage.java:60)
  com.nopcommerce.demo.pages.RegisterPage.getRegisterText(RegisterPage.java:60)
  com.nopcommerce.demo.pages.RegisterPage.getRegisterText(RegisterPage.java:60)
  com.nopcommerce.demo.pages.RegisterPage.getRegisterText(RegisterPage.java:60)
  com.nopcommerce.demo.pages.RegisterPage.getRegisterText(RegisterPage.java:60)
  com.nopcommerce.demo.pages.RegisterPage.getRegisterText(RegisterPage.java:60)
  com.nopcommerce.demo.pages.RegisterPage.getRegisterText(RegisterPage.java:60)
  com.nopcommerce.demo.pages.RegisterPage.getRegisterText(RegisterPage.java:60)
  com.nopcommerce.demo.pages.RegisterPage.getRegisterText(RegisterPage.java:60)
  com.nopcommerce.demo.pages.RegisterPage.getRegisterText(RegisterPage.java:60)
  com.nopcommerce.demo.pages.RegisterPage.getRegisterText(RegisterPage.java:60)
  com.nopcommerce.demo.pages.RegisterPage.getRegisterText(RegisterPage.java:60)
  com.nopcommerce.demo.pages.RegisterPage.getRegisterText(RegisterPage.java:60)
  com.nopcommerce.demo.pages.RegisterPage.getRegisterText(RegisterPage.java:60)
  com.nopcommerce.demo.pages.RegisterPage.getRegisterText(RegisterPage.java:60)
  com.nopcommerce.demo.pages.RegisterPage.getRegisterText(RegisterPage.java:60)
  com.nopcommerce.demo.pages.RegisterPage.getRegisterText(RegisterPage.java:60)
  com.nopcommerce.demo.pages.RegisterPage.getRegisterText(RegisterPage.java:60)
  com.nopcommerce.demo.pages.RegisterPage.getRegisterText(RegisterPage.java:60)
  com.nopcommerce.demo.pages.RegisterPage.getRegisterText(RegisterPage.java:60)
  com.nopcommerce.demo.pages.RegisterPage.getRegisterText(RegisterPage.java:60)
  com.nopcommerce.demo.pages.RegisterPage.getRegisterText(RegisterPage.java:60)
  com.nopcommerce.demo.pages.RegisterPage.getRegisterText(RegisterPage.java:60)
  com.nopcommerce.demo.pages.RegisterPage.getRegisterText(RegisterPage.java:60)
  com.nopcommerce.demo.pages.RegisterPage.getRegisterText(RegisterPage.java:60)
  com.nopcommerce.demo.pages.RegisterPage.getRegisterText(RegisterPage.java:60)
  com.nopcommerce.demo.pages.RegisterPage.getRegisterText(RegisterPage.java:60)
  com.nopcommerce.demo.pages.RegisterPage.getRegisterText(RegisterPage.java:60)
  com.nopcommerce.demo.pages.RegisterPage.getRegisterText(RegisterPage.java:60)
  com.nopcommerce.demo.pages.RegisterPage.getRegisterText(RegisterPage.java:60)
  com.nopcommerce.demo.pages.RegisterPage.getRegisterText(RegisterPage.java:60)
  com.nopcommerce.demo.pages.RegisterPage.getRegisterText(RegisterPage.java:60)
  com.nopcommerce.demo.pages.RegisterPage.getRegisterText(RegisterPage.java:60)
  com.nopcommerce.demo.pages.RegisterPage.getRegisterText(RegisterPage.java:60)
  com.nopcommerce.demo.pages.RegisterPage.getRegisterText(RegisterPage.java:60)
  com.nopcommerce.demo.pages.RegisterPage.getRegisterText(RegisterPage.java:60)
  com.nopcommerce.demo.pages.RegisterPage.getRegisterText(RegisterPage.java:60)
  com.nopcommerce.demo.pages.RegisterPage.getRegisterText(RegisterPage.java:60)
  com.nopcommerce.demo.pages.RegisterPage.getRegisterText(RegisterPage.java:60)
  com.nopcommerce.demo.pages.RegisterPage.getRegisterText(RegisterPage.java:60)
  com.nopcommerce.demo.pages.RegisterPage.getRegisterText(RegisterPage.java:60)
  com.nopcommerce.demo.pages.RegisterPage.getRegisterText(RegisterPage.java:60)
  com.nopcommerce.demo.pages.RegisterPage.getRegisterText(RegisterPage.java:60)
  com.nopcommerce.demo.pages.RegisterPage.getRegisterText(RegisterPage.java:60)
  com.nopcommerce.demo.pages.RegisterPage.getRegisterText(RegisterPage.java:60)
  com.nopcommerce.demo.pages.RegisterPage.getRegisterText(RegisterPage.java:60)
  com.nopcommerce.demo.pages.RegisterPage.getRegisterText(RegisterPage.java:60)
  com.nopcommerce.demo.pages.RegisterPage.getRegisterText(RegisterPage.java:60)
  com.nopcommerce.demo.pages.RegisterPage.getRegisterText(RegisterPage.java:60)
  com.nopcommerce.demo.pages.RegisterPage.getRegisterText(RegisterPage.java:60)
  com.nopcommerce.demo.pages.RegisterPage.getRegisterText(RegisterPage.java:60)
  com.nopcommerce.demo.pages.RegisterPage.getRegisterText(RegisterPage.java:60)
  com.nopcommerce.demo.pages.RegisterPage.getRegisterText(RegisterPage.java:60)
  com.nopcommerce.demo.pages.RegisterPage.getRegisterText(RegisterPage.java:60)
  com.nopcommerce.demo.pages.RegisterPage.getRegisterText(RegisterPage.java:60)
  com.nopcommerce.demo.pages.RegisterPage.getRegisterText(RegisterPage.java:60)
  com.nopcommerce.demo.pages.RegisterPage.getRegisterText(RegisterPage.java:60)
  com.nopcommerce.demo.pages.RegisterPage.getRegisterText(RegisterPage.java:60)
  com.nopcommerce.demo.pages.RegisterPage.getRegisterText(RegisterPage.java:60)
  com.nopcommerce.demo.pages.RegisterPage.getRegisterText(RegisterPage.java:60)
  com.nopcommerce.demo.pages.RegisterPage.getRegisterText(RegisterPage.java:60)
  com.nopcommerce.demo.pages.RegisterPage.getRegisterText(RegisterPage.java:60)
  com.nopcommerce.demo.pages.RegisterPage.getRegisterText(RegisterPage.java:60)
  com.nopcommerce.demo.pages.RegisterPage.getRegisterText(RegisterPage.java:60)
  com.nopcommerce.demo.pages.RegisterPage.getRegisterText(RegisterPage.java:60)
  com.nopcommerce.demo.pages.RegisterPage.getRegisterText(RegisterPage.java:60)
  com.nopcommerce.demo.pages.RegisterPage.getRegisterText(RegisterPage.java:60)
  com.nopcommerce.demo.pages.RegisterPage.getRegisterText(RegisterPage.java:60)
  com.nopcommerce.demo.pages.RegisterPage.getRegisterText(RegisterPage.java:60)
  com.nopcommerce.demo.pages.RegisterPage.getRegisterText(RegisterPage.java:60)
  com.nopcommerce.demo.pages.RegisterPage.getRegisterText(RegisterPage.java:60)
  com.nopcommerce.demo.pages.RegisterPage.getRegisterText(RegisterPage.java:60)
  com.nopcommerce.demo.pages.RegisterPage.getRegisterText(RegisterPage.java:60)
  com.nopcommerce.demo.pages.RegisterPage.getRegisterText(RegisterPage.java:60)
  com.nopcommerce.demo.pages.RegisterPage.getRegisterText(RegisterPage.java:60)
  com.nopcommerce.demo.pages.RegisterPage.getRegisterText(RegisterPage.java:60)
  com.nopcommerce.demo.pages.RegisterPage.getRegisterText(RegisterPage.java:60)
  com.nopcommerce.demo.pages.RegisterPage.getRegisterText(RegisterPage.java:60)
  com.nopcommerce.demo.pages.RegisterPage.getRegisterText(RegisterPage.java:60)
  com.nopcommerce.demo.pages.RegisterPage.getRegisterText(RegisterPage.java:60)
  com.nopcommerce.demo.pages.RegisterPage.getRegisterText(RegisterPage.java:60)
  com.nopcommerce.demo.pages.RegisterPage.getRegisterText(RegisterPage.java:60)
  com.nopcommerce.demo.pages.RegisterPage.getRegisterText(RegisterPage.java:60)
  com.nopcommerce.demo.pages.RegisterPage.getRegisterText(RegisterPage.java:60)
  com.nopcommerce.demo.pages.RegisterPage.getRegisterText(RegisterPage.java:60)
  com.nopcommerce.demo.pages.RegisterPage.getRegisterText(RegisterPage.java:60)
  com.nopcommerce.demo.pages.RegisterPage.getRegisterText(RegisterPage.java:60)
  com.nopcommerce.demo.pages.RegisterPage.getRegisterText(RegisterPage.java:60)
  com.nopcommerce.demo.pages.RegisterPage.getRegisterText(RegisterPage.java:60)
  com.nopcommerce.demo.pages.RegisterPage.getRegisterText(RegisterPage.java:60)
  com.nopcommerce.demo.pages.RegisterPage.getRegisterText(RegisterPage.java:60)
  com.nopcommerce.demo.pages.RegisterPage.getRegisterText(RegisterPage.java:60)
  com.nopcommerce.demo.pages.RegisterPage.getRegisterText(RegisterPage.java:60)
  com.nopcommerce.demo.pages.RegisterPage.getRegisterText(RegisterPage.java:60)
  com.nopcommerce.demo.pages.RegisterPage.getRegisterText(RegisterPage.java:60)
  com.nopcommerce.demo.pages.RegisterPage.getRegisterText(RegisterPage.java:60)
  com.nopcommerce.demo.pages.RegisterPage.getRegisterText(RegisterPage.java:60)
  com.nopcommerce.demo.pages.RegisterPage.getRegisterText(RegisterPage.java:60)
  com.nopcommerce.demo.pages.RegisterPage.getRegisterText(RegisterPage.java:60)
  com.nopcommerce.demo.pages.RegisterPage.getRegisterText(RegisterPage.java:60)
  com.nopcommerce.demo.pages.RegisterPage.getRegisterText(RegisterPage.java:60)
  com.nopcommerce.demo.pages.RegisterPage.getRegisterText(RegisterPage.java:60)
  com.nopcommerce.demo.pages.RegisterPage.getRegisterText(RegisterPage.java:60)
  com.nopcommerce.demo.pages.RegisterPage.getRegisterText(RegisterPage.java:60)
  com.nopcommerce.demo.pages.RegisterPage.getRegisterText(RegisterPage.java:60)
  com.nopcommerce.demo.pages.RegisterPage.getRegisterText(RegisterPage.java:60)
  com.nopcommerce.demo.pages.RegisterPage.getRegisterText(RegisterPage.java:60)
  com.nopcommerce.demo.pages.RegisterPage.getRegisterText(RegisterPage.java:60)
  com.nopcommerce.demo.pages.RegisterPage.getRegisterText(RegisterPage.java:60)
  com.nopcommerce.demo.pages.RegisterPage.getRegisterText(RegisterPage.java:60)
  com.nopcommerce.demo.pages.RegisterPage.getRegisterText(RegisterPage.java:60)
  com.nopcommerce.demo.pages.RegisterPage.getRegisterText(RegisterPage.java:60)
  com.nopcommerce.demo.pages.RegisterPage.getRegisterText(RegisterPage.java:60)
  com.nopcommerce.demo.pages.RegisterPage.getRegisterText(RegisterPage.java:60)
  com.nopcommerce.demo.pages.RegisterPage.getRegisterText(RegisterPage.java:60)
  com.nopcommerce.demo.pages.RegisterPage.getRegisterText(RegisterPage.java:60)
  com.nopcommerce.demo.pages.RegisterPage.getRegisterText(RegisterPage.java:60)
  com.nopcommerce.demo.pages.RegisterPage.getRegisterText(RegisterPage.java:60)
  com.nopcommerce.demo.pages.RegisterPage.getRegisterText(RegisterPage.java:60)
  com.nopcommerce.demo.pages.RegisterPage.getRegisterText(RegisterPage.java:60)
  com.nopcommerce.demo.pages.RegisterPage.getRegisterText(RegisterPage.java:60)
  com.nopcommerce.demo.pages.RegisterPage.getRegisterText(RegisterPage.java:60)
  com.nopcommerce.demo.pages.RegisterPage.getRegisterText(RegisterPage.java:60)
  com.nopcommerce.demo.pages.RegisterPage.getRegisterText(RegisterPage.java:60)
  com.nopcommerce.demo.pages.RegisterPage.getRegisterText(RegisterPage.java:60)
  com.nopcommerce.demo.pages.RegisterPage.getRegisterText(RegisterPage.java:60)
  com.nopcommerce.demo.pages.RegisterPage.getRegisterText(RegisterPage.java:60)
  com.nopcommerce.demo.pages.RegisterPage.getRegisterText(RegisterPage.java:60)
  com.nopcommerce.demo.pages.RegisterPage.getRegisterText(RegisterPage.java:60)
  com.nopcommerce.demo.pages.RegisterPage.getRegisterText(RegisterPage.java:60)
  com.nopcommerce.demo.pages.RegisterPage.getRegisterText(RegisterPage.java:60)
  com.nopcommerce.demo.pages.RegisterPage.getRegisterText(RegisterPage.java:60)
  com.nopcommerce.demo.pages.RegisterPage.getRegisterText(RegisterPage.java:60)
  com.nopcommerce.demo.pages.RegisterPage.getRegisterText(RegisterPage.java:60)
  com.nopcommerce.demo.pages.RegisterPage.getRegisterText(RegisterPage.java:60)
  com.nopcommerce.demo.pages.RegisterPage.getRegisterText(RegisterPage.java:60)
  com.nopcommerce.demo.pages.RegisterPage.getRegisterText(RegisterPage.java:60)
  com.nopcommerce.demo.pages.RegisterPage.getRegisterText(RegisterPage.java:60)
  com.nopcommerce.demo.pages.RegisterPage.getRegisterText(RegisterPage.java:60)
  com.nopcommerce.demo.pages.RegisterPage.getRegisterText(RegisterPage.java:60)
  com.nopcommerce.demo.pages.RegisterPage.getRegisterText(RegisterPage.java:60)
  com.nopcommerce.demo.pages.RegisterPage.getRegisterText(RegisterPage.java:60)
  com.nopcommerce.demo.pages.RegisterPage.getRegisterText(RegisterPage.java:60)
  com.nopcommerce.demo.pages.RegisterPage.getRegisterText(RegisterPage.java:60)
  com.nopcommerce.demo.pages.RegisterPage.getRegisterText(RegisterPage.java:60)
  com.nopcommerce.demo.pages.RegisterPage.getRegisterText(RegisterPage.java:60)
  com.nopcommerce.demo.pages.RegisterPage.getRegisterText(RegisterPage.java:60)
  com.nopcommerce.demo.pages.RegisterPage.getRegisterText(RegisterPage.java:60)
  com.nopcommerce.demo.pages.RegisterPage.getRegisterText(RegisterPage.java:60)
  com.nopcommerce.demo.pages.RegisterPage.getRegisterText(RegisterPage.java:60)
  com.nopcommerce.demo.pages.RegisterPage.getRegisterText(RegisterPage.java:60)
  com.nopcommerce.demo.pages.RegisterPage.getRegisterText(RegisterPage.java:60)
  com.nopcommerce.demo.pages.RegisterPage.getRegisterText(RegisterPage.java:60)
  com.nopcommerce.demo.pages.RegisterPage.getRegisterText(RegisterPage.java:60)
  com.nopcommerce.demo.pages.RegisterPage.getRegisterText(RegisterPage.java:60)
  com.nopcommerce.demo.pages.RegisterPage.getRegisterText(RegisterPage.java:60)
  com.nopcommerce.demo.pages.RegisterPage.getRegisterText(RegisterPage.java:60)
  com.nopcommerce.demo.pages.RegisterPage.getRegisterText(RegisterPage.java:60)
  com.nopcommerce.demo.pages.RegisterPage.getRegisterText(RegisterPage.java:60)
  com.nopcommerce.demo.pages.RegisterPage.getRegisterText(RegisterPage.java:60)
  com.nopcommerce.demo.pages.RegisterPage.getRegisterText(RegisterPage.java:60)
  com.nopcommerce.demo.pages.RegisterPage.getRegisterText(RegisterPage.java:60)
  com.nopcommerce.demo.pages.RegisterPage.getRegisterText(RegisterPage.java:60)
  com.nopcommerce.demo.pages.RegisterPage.getRegisterText(RegisterPage.java:60)
  com.nopcommerce.demo.pages.RegisterPage.getRegisterText(RegisterPage.java:60)
  com.nopcommerce.demo.pages.RegisterPage.getRegisterText(RegisterPage.java:60)
  com.nopcommerce.demo.pages.RegisterPage.getRegisterText(RegisterPage.java:60)
  com.nopcommerce.demo.pages.RegisterPage.getRegisterText(RegisterPage.java:60)
  com.nopcommerce.demo.pages.RegisterPage.getRegisterText(RegisterPage.java:60)
  com.nopcommerce.demo.pages.RegisterPage.getRegisterText(RegisterPage.java:60)
  com.nopcommerce.demo.pages.RegisterPage.getRegisterText(RegisterPage.java:60)
  com.nopcommerce.demo.pages.RegisterPage.getRegisterText(RegisterPage.java:60)
  com.nopcommerce.demo.pages.RegisterPage.getRegisterText(RegisterPage.java:60)
  com.nopcommerce.demo.pages.RegisterPage.getRegisterText(RegisterPage.java:60)
  com.nopcommerce.demo.pages.RegisterPage.getRegisterText(RegisterPage.java:60)
  com.nopcommerce.demo.pages.RegisterPage.getRegisterText(RegisterPage.java:60)
  com.nopcommerce.demo.pages.RegisterPage.getRegisterText(RegisterPage.java:60)
  com.nopcommerce.demo.pages.RegisterPage.getRegisterText(RegisterPage.java:60)
  com.nopcommerce.demo.pages.RegisterPage.getRegisterText(RegisterPage.java:60)
  com.nopcommerce.demo.pages.RegisterPage.getRegisterText(RegisterPage.java:60)
  com.nopcommerce.demo.pages.RegisterPage.getRegisterText(RegisterPage.java:60)
  com.nopcommerce.demo.pages.RegisterPage.getRegisterText(RegisterPage.java:60)
  com.nopcommerce.demo.pages.RegisterPage.getRegisterText(RegisterPage.java:60)
  com.nopcommerce.demo.pages.RegisterPage.getRegisterText(RegisterPage.java:60)
  com.nopcommerce.demo.pages.RegisterPage.getRegisterText(RegisterPage.java:60)
  com.nopcommerce.demo.pages.RegisterPage.getRegisterText(RegisterPage.java:60)
  com.nopcommerce.demo.pages.RegisterPage.getRegisterText(RegisterPage.java:60)
  com.nopcommerce.demo.pages.RegisterPage.getRegisterText(RegisterPage.java:60)
  com.nopcommerce.demo.pages.RegisterPage.getRegisterText(RegisterPage.java:60)
  com.nopcommerce.demo.pages.RegisterPage.getRegisterText(RegisterPage.java:60)
  com.nopcommerce.demo.pages.RegisterPage.getRegisterText(RegisterPage.java:60)
  com.nopcommerce.demo.pages.RegisterPage.getRegisterText(RegisterPage.java:60)
  com.nopcommerce.demo.pages.RegisterPage.getRegisterText(RegisterPage.java:60)
  com.nopcommerce.demo.pages.RegisterPage.getRegisterText(RegisterPage.java:60)
  com.nopcommerce.demo.pages.RegisterPage.getRegisterText(RegisterPage.java:60)
  com.nopcommerce.demo.pages.RegisterPage.getRegisterText(RegisterPage.java:60)
  com.nopcommerce.demo.pages.RegisterPage.getRegisterText(RegisterPage.java:60)
  com.nopcommerce.demo.pages.RegisterPage.getRegisterText(RegisterPage.java:60)
  com.nopcommerce.demo.pages.RegisterPage.getRegisterText(RegisterPage.java:60)
  com.nopcommerce.demo.pages.RegisterPage.getRegisterText(RegisterPage.java:60)
  com.nopcommerce.demo.pages.RegisterPage.getRegisterText(RegisterPage.java:60)
  com.nopcommerce.demo.pages.RegisterPage.getRegisterText(RegisterPage.java:60)
  com.nopcommerce.demo.pages.RegisterPage.getRegisterText(RegisterPage.java:60)
  com.nopcommerce.demo.pages.RegisterPage.getRegisterText(RegisterPage.java:60)
  com.nopcommerce.demo.pages.RegisterPage.getRegisterText(RegisterPage.java:60)
  com.nopcommerce.demo.pages.RegisterPage.getRegisterText(RegisterPage.java:60)
  com.nopcommerce.demo.pages.RegisterPage.getRegisterText(RegisterPage.java:60)
  com.nopcommerce.demo.pages.RegisterPage.getRegisterText(RegisterPage.java:60)
  com.nopcommerce.demo.pages.RegisterPage.getRegisterText(RegisterPage.java:60)
  com.nopcommerce.demo.pages.RegisterPage.getRegisterText(RegisterPage.java:60)
  com.nopcommerce.demo.pages.RegisterPage.getRegisterText(RegisterPage.java:60)
  com.nopcommerce.demo.pages.RegisterPage.getRegisterText(RegisterPage.java:60)
  com.nopcommerce.demo.pages.RegisterPage.getRegisterText(RegisterPage.java:60)
  com.nopcommerce.demo.pages.RegisterPage.getRegisterText(RegisterPage.java:60)
  com.nopcommerce.demo.pages.RegisterPage.getRegisterText(RegisterPage.java:60)
  com.nopcommerce.demo.pages.RegisterPage.getRegisterText(RegisterPage.java:60)
  com.nopcommerce.demo.pages.RegisterPage.getRegisterText(RegisterPage.java:60)
  com.nopcommerce.demo.pages.RegisterPage.getRegisterText(RegisterPage.java:60)
  com.nopcommerce.demo.pages.RegisterPage.getRegisterText(RegisterPage.java:60)
  com.nopcommerce.demo.pages.RegisterPage.getRegisterText(RegisterPage.java:60)
  com.nopcommerce.demo.pages.RegisterPage.getRegisterText(RegisterPage.java:60)
  com.nopcommerce.demo.pages.RegisterPage.getRegisterText(RegisterPage.java:60)
  com.nopcommerce.demo.pages.RegisterPage.getRegisterText(RegisterPage.java:60)
  com.nopcommerce.demo.pages.RegisterPage.getRegisterText(RegisterPage.java:60)
  com.nopcommerce.demo.pages.RegisterPage.getRegisterText(RegisterPage.java:60)
  com.nopcommerce.demo.pages.RegisterPage.getRegisterText(RegisterPage.java:60)
  com.nopcommerce.demo.pages.RegisterPage.getRegisterText(RegisterPage.java:60)
  com.nopcommerce.demo.pages.RegisterPage.getRegisterText(RegisterPage.java:60)
  com.nopcommerce.demo.pages.RegisterPage.getRegisterText(RegisterPage.java:60)
  com.nopcommerce.demo.pages.RegisterPage.getRegisterText(RegisterPage.java:60)
  com.nopcommerce.demo.pages.RegisterPage.getRegisterText(RegisterPage.java:60)
  com.nopcommerce.demo.pages.RegisterPage.getRegisterText(RegisterPage.java:60)
  com.nopcommerce.demo.pages.RegisterPage.getRegisterText(RegisterPage.java:60)
  com.nopcommerce.demo.pages.RegisterPage.getRegisterText(RegisterPage.java:60)
  com.nopcommerce.demo.pages.RegisterPage.getRegisterText(RegisterPage.java:60)
  com.nopcommerce.demo.pages.RegisterPage.getRegisterText(RegisterPage.java:60)
  com.nopcommerce.demo.pages.RegisterPage.getRegisterText(RegisterPage.java:60)
  com.nopcommerce.demo.pages.RegisterPage.getRegisterText(RegisterPage.java:60)
  com.nopcommerce.demo.pages.RegisterPage.getRegisterText(RegisterPage.java:60)
  com.nopcommerce.demo.pages.RegisterPage.getRegisterText(RegisterPage.java:60)
  com.nopcommerce.demo.pages.RegisterPage.getRegisterText(RegisterPage.java:60)
  com.nopcommerce.demo.pages.RegisterPage.getRegisterText(RegisterPage.java:60)
  com.nopcommerce.demo.pages.RegisterPage.getRegisterText(RegisterPage.java:60)
  com.nopcommerce.demo.pages.RegisterPage.getRegisterText(RegisterPage.java:60)
  com.nopcommerce.demo.pages.RegisterPage.getRegisterText(RegisterPage.java:60)
  com.nopcommerce.demo.pages.RegisterPage.getRegisterText(RegisterPage.java:60)
  com.nopcommerce.demo.pages.RegisterPage.getRegisterText(RegisterPage.java:60)
  com.nopcommerce.demo.pages.RegisterPage.getRegisterText(RegisterPage.java:60)
  com.nopcommerce.demo.pages.RegisterPage.getRegisterText(RegisterPage.java:60)
  com.nopcommerce.demo.pages.RegisterPage.getRegisterText(RegisterPage.java:60)
  com.nopcommerce.demo.pages.RegisterPage.getRegisterText(RegisterPage.java:60)
  com.nopcommerce.demo.pages.RegisterPage.getRegisterText(RegisterPage.java:60)
  com.nopcommerce.demo.pages.RegisterPage.getRegisterText(RegisterPage.java:60)
  com.nopcommerce.demo.pages.RegisterPage.getRegisterText(RegisterPage.java:60)
  com.nopcommerce.demo.pages.RegisterPage.getRegisterText(RegisterPage.java:60)
  com.nopcommerce.demo.pages.RegisterPage.getRegisterText(RegisterPage.java:60)
  com.nopcommerce.demo.pages.RegisterPage.getRegisterText(RegisterPage.java:60)
  com.nopcommerce.demo.pages.RegisterPage.getRegisterText(RegisterPage.java:60)
  com.nopcommerce.demo.pages.RegisterPage.getRegisterText(RegisterPage.java:60)
  com.nopcommerce.demo.pages.RegisterPage.getRegisterText(RegisterPage.java:60)
  com.nopcommerce.demo.pages.RegisterPage.getRegisterText(RegisterPage.java:60)
  com.nopcommerce.demo.pages.RegisterPage.getRegisterText(RegisterPage.java:60)
  com.nopcommerce.demo.pages.RegisterPage.getRegisterText(RegisterPage.java:60)
  com.nopcommerce.demo.pages.RegisterPage.getRegisterText(RegisterPage.java:60)
  com.nopcommerce.demo.pages.RegisterPage.getRegisterText(RegisterPage.java:60)
  com.nopcommerce.demo.pages.RegisterPage.getRegisterText(RegisterPage.java:60)
  com.nopcommerce.demo.pages.RegisterPage.getRegisterText(RegisterPage.java:60)
  com.nopcommerce.demo.pages.RegisterPage.getRegisterText(RegisterPage.java:60)
  com.nopcommerce.demo.pages.RegisterPage.getRegisterText(RegisterPage.java:60)
  com.nopcommerce.demo.pages.RegisterPage.getRegisterText(RegisterPage.java:60)
  com.nopcommerce.demo.pages.RegisterPage.getRegisterText(RegisterPage.java:60)
  com.nopcommerce.demo.pages.RegisterPage.getRegisterText(RegisterPage.java:60)
  com.nopcommerce.demo.pages.RegisterPage.getRegisterText(RegisterPage.java:60)
  com.nopcommerce.demo.pages.RegisterPage.getRegisterText(RegisterPage.java:60)
  com.nopcommerce.demo.pages.RegisterPage.getRegisterText(RegisterPage.java:60)
  com.nopcommerce.demo.pages.RegisterPage.getRegisterText(RegisterPage.java:60)
  com.nopcommerce.demo.pages.RegisterPage.getRegisterText(RegisterPage.java:60)
  com.nopcommerce.demo.pages.RegisterPage.getRegisterText(RegisterPage.java:60)
  com.nopcommerce.demo.pages.RegisterPage.getRegisterText(RegisterPage.java:60)
  com.nopcommerce.demo.pages.RegisterPage.getRegisterText(RegisterPage.java:60)
  com.nopcommerce.demo.pages.RegisterPage.getRegisterText(RegisterPage.java:60)
  com.nopcommerce.demo.pages.RegisterPage.getRegisterText(RegisterPage.java:60)
  com.nopcommerce.demo.pages.RegisterPage.getRegisterText(RegisterPage.java:60)
  com.nopcommerce.demo.pages.RegisterPage.getRegisterText(RegisterPage.java:60)
  com.nopcommerce.demo.pages.RegisterPage.getRegisterText(RegisterPage.java:60)
  com.nopcommerce.demo.pages.RegisterPage.getRegisterText(RegisterPage.java:60)
  com.nopcommerce.demo.pages.RegisterPage.getRegisterText(RegisterPage.java:60)
  com.nopcommerce.demo.pages.RegisterPage.getRegisterText(RegisterPage.java:60)
  com.nopcommerce.demo.pages.RegisterPage.getRegisterText(RegisterPage.java:60)
  com.nopcommerce.demo.pages.RegisterPage.getRegisterText(RegisterPage.java:60)
  com.nopcommerce.demo.pages.RegisterPage.getRegisterText(RegisterPage.java:60)
  com.nopcommerce.demo.pages.RegisterPage.getRegisterText(RegisterPage.java:60)
  com.nopcommerce.demo.pages.RegisterPage.getRegisterText(RegisterPage.java:60)
  com.nopcommerce.demo.pages.RegisterPage.getRegisterText(RegisterPage.java:60)
  com.nopcommerce.demo.pages.RegisterPage.getRegisterText(RegisterPage.java:60)
  com.nopcommerce.demo.pages.RegisterPage.getRegisterText(RegisterPage.java:60)
  com.nopcommerce.demo.pages.RegisterPage.getRegisterText(RegisterPage.java:60)
  com.nopcommerce.demo.pages.RegisterPage.getRegisterText(RegisterPage.java:60)
  com.nopcommerce.demo.pages.RegisterPage.getRegisterText(RegisterPage.java:60)
  com.nopcommerce.demo.pages.RegisterPage.getRegisterText(RegisterPage.java:60)
  com.nopcommerce.demo.pages.RegisterPage.getRegisterText(RegisterPage.java:60)
  com.nopcommerce.demo.pages.RegisterPage.getRegisterText(RegisterPage.java:60)
  com.nopcommerce.demo.pages.RegisterPage.getRegisterText(RegisterPage.java:60)
  com.nopcommerce.demo.pages.RegisterPage.getRegisterText(RegisterPage.java:60)
  com.nopcommerce.demo.pages.RegisterPage.getRegisterText(RegisterPage.java:60)
  com.nopcommerce.demo.pages.RegisterPage.getRegisterText(RegisterPage.java:60)
  com.nopcommerce.demo.pages.RegisterPage.getRegisterText(RegisterPage.java:60)
  com.nopcommerce.demo.pages.RegisterPage.getRegisterText(RegisterPage.java:60)
  com.nopcommerce.demo.pages.RegisterPage.getRegisterText(RegisterPage.java:60)
  com.nopcommerce.demo.pages.RegisterPage.getRegisterText(RegisterPage.java:60)
  com.nopcommerce.demo.pages.RegisterPage.getRegisterText(RegisterPage.java:60)
  com.nopcommerce.demo.pages.RegisterPage.getRegisterText(RegisterPage.java:60)
  com.nopcommerce.demo.pages.RegisterPage.getRegisterText(RegisterPage.java:60)
  com.nopcommerce.demo.pages.RegisterPage.getRegisterText(RegisterPage.java:60)
  com.nopcommerce.demo.pages.RegisterPage.getRegisterText(RegisterPage.java:60)
  com.nopcommerce.demo.pages.RegisterPage.getRegisterText(RegisterPage.java:60)
  com.nopcommerce.demo.pages.RegisterPage.getRegisterText(RegisterPage.java:60)
  com.nopcommerce.demo.pages.RegisterPage.getRegisterText(RegisterPage.java:60)
  com.nopcommerce.demo.pages.RegisterPage.getRegisterText(RegisterPage.java:60)
  com.nopcommerce.demo.pages.RegisterPage.getRegisterText(RegisterPage.java:60)
  com.nopcommerce.demo.pages.RegisterPage.getRegisterText(RegisterPage.java:60)
  com.nopcommerce.demo.pages.RegisterPage.getRegisterText(RegisterPage.java:60)
  com.nopcommerce.demo.pages.RegisterPage.getRegisterText(RegisterPage.java:60)
  com.nopcommerce.demo.pages.RegisterPage.getRegisterText(RegisterPage.java:60)
  com.nopcommerce.demo.pages.RegisterPage.getRegisterText(RegisterPage.java:60)
  com.nopcommerce.demo.pages.RegisterPage.getRegisterText(RegisterPage.java:60)
  com.nopcommerce.demo.pages.RegisterPage.getRegisterText(RegisterPage.java:60)
  com.nopcommerce.demo.pages.RegisterPage.getRegisterText(RegisterPage.java:60)
  com.nopcommerce.demo.pages.RegisterPage.getRegisterText(RegisterPage.java:60)
  com.nopcommerce.demo.pages.RegisterPage.getRegisterText(RegisterPage.java:60)
  com.nopcommerce.demo.pages.RegisterPage.getRegisterText(RegisterPage.java:60)
  com.nopcommerce.demo.pages.RegisterPage.getRegisterText(RegisterPage.java:60)
  com.nopcommerce.demo.pages.RegisterPage.getRegisterText(RegisterPage.java:60)
  com.nopcommerce.demo.pages.RegisterPage.getRegisterText(RegisterPage.java:60)
  com.nopcommerce.demo.pages.RegisterPage.getRegisterText(RegisterPage.java:60)
  com.nopcommerce.demo.pages.RegisterPage.getRegisterText(RegisterPage.java:60)
  com.nopcommerce.demo.pages.RegisterPage.getRegisterText(RegisterPage.java:60)
  com.nopcommerce.demo.pages.RegisterPage.getRegisterText(RegisterPage.java:60)
  com.nopcommerce.demo.pages.RegisterPage.getRegisterText(RegisterPage.java:60)
  com.nopcommerce.demo.pages.RegisterPage.getRegisterText(RegisterPage.java:60)
  com.nopcommerce.demo.pages.RegisterPage.getRegisterText(RegisterPage.java:60)
  com.nopcommerce.demo.pages.RegisterPage.getRegisterText(RegisterPage.java:60)
  com.nopcommerce.demo.pages.RegisterPage.getRegisterText(RegisterPage.java:60)
  com.nopcommerce.demo.pages.RegisterPage.getRegisterText(RegisterPage.java:60)
  com.nopcommerce.demo.pages.RegisterPage.getRegisterText(RegisterPage.java:60)
  com.nopcommerce.demo.pages.RegisterPage.getRegisterText(RegisterPage.java:60)
  com.nopcommerce.demo.pages.RegisterPage.getRegisterText(RegisterPage.java:60)
  com.nopcommerce.demo.pages.RegisterPage.getRegisterText(RegisterPage.java:60)
  com.nopcommerce.demo.pages.RegisterPage.getRegisterText(RegisterPage.java:60)
  com.nopcommerce.demo.pages.RegisterPage.getRegisterText(RegisterPage.java:60)
  com.nopcommerce.demo.pages.RegisterPage.getRegisterText(RegisterPage.java:60)
  com.nopcommerce.demo.pages.RegisterPage.getRegisterText(RegisterPage.java:60)
  com.nopcommerce.demo.pages.RegisterPage.getRegisterText(RegisterPage.java:60)
  com.nopcommerce.demo.pages.RegisterPage.getRegisterText(RegisterPage.java:60)
  com.nopcommerce.demo.pages.RegisterPage.getRegisterText(RegisterPage.java:60)
  com.nopcommerce.demo.pages.RegisterPage.getRegisterText(RegisterPage.java:60)
  com.nopcommerce.demo.pages.RegisterPage.getRegisterText(RegisterPage.java:60)
  com.nopcommerce.demo.pages.RegisterPage.getRegisterText(RegisterPage.java:60)
  com.nopcommerce.demo.pages.RegisterPage.getRegisterText(RegisterPage.java:60)
  com.nopcommerce.demo.pages.RegisterPage.getRegisterText(RegisterPage.java:60)
  com.nopcommerce.demo.pages.RegisterPage.getRegisterText(RegisterPage.java:60)
  com.nopcommerce.demo.pages.RegisterPage.getRegisterText(RegisterPage.java:60)
  com.nopcommerce.demo.pages.RegisterPage.getRegisterText(RegisterPage.java:60)
  com.nopcommerce.demo.pages.RegisterPage.getRegisterText(RegisterPage.java:60)
  com.nopcommerce.demo.pages.RegisterPage.getRegisterText(RegisterPage.java:60)
  com.nopcommerce.demo.pages.RegisterPage.getRegisterText(RegisterPage.java:60)
  com.nopcommerce.demo.pages.RegisterPage.getRegisterText(RegisterPage.java:60)
  com.nopcommerce.demo.pages.RegisterPage.getRegisterText(RegisterPage.java:60)
  com.nopcommerce.demo.pages.RegisterPage.getRegisterText(RegisterPage.java:60)
  com.nopcommerce.demo.pages.RegisterPage.getRegisterText(RegisterPage.java:60)
  com.nopcommerce.demo.pages.RegisterPage.getRegisterText(RegisterPage.java:60)
  com.nopcommerce.demo.pages.RegisterPage.getRegisterText(RegisterPage.java:60)
  com.nopcommerce.demo.pages.RegisterPage.getRegisterText(RegisterPage.java:60)
  com.nopcommerce.demo.pages.RegisterPage.getRegisterText(RegisterPage.java:60)
  com.nopcommerce.demo.pages.RegisterPage.getRegisterText(RegisterPage.java:60)
  com.nopcommerce.demo.pages.RegisterPage.getRegisterText(RegisterPage.java:60)
  com.nopcommerce.demo.pages.RegisterPage.getRegisterText(RegisterPage.java:60)
  com.nopcommerce.demo.pages.RegisterPage.getRegisterText(RegisterPage.java:60)
  com.nopcommerce.demo.pages.RegisterPage.getRegisterText(RegisterPage.java:60)
  com.nopcommerce.demo.pages.RegisterPage.getRegisterText(RegisterPage.java:60)
  com.nopcommerce.demo.pages.RegisterPage.getRegisterText(RegisterPage.java:60)
  com.nopcommerce.demo.pages.RegisterPage.getRegisterText(RegisterPage.java:60)
  com.nopcommerce.demo.pages.RegisterPage.getRegisterText(RegisterPage.java:60)
  com.nopcommerce.demo.pages.RegisterPage.getRegisterText(RegisterPage.java:60)
  com.nopcommerce.demo.pages.RegisterPage.getRegisterText(RegisterPage.java:60)
  com.nopcommerce.demo.pages.RegisterPage.getRegisterText(RegisterPage.java:60)
  com.nopcommerce.demo.pages.RegisterPage.getRegisterText(RegisterPage.java:60)
  com.nopcommerce.demo.pages.RegisterPage.getRegisterText(RegisterPage.java:60)
  com.nopcommerce.demo.pages.RegisterPage.getRegisterText(RegisterPage.java:60)
  com.nopcommerce.demo.pages.RegisterPage.getRegisterText(RegisterPage.java:60)
  com.nopcommerce.demo.pages.RegisterPage.getRegisterText(RegisterPage.java:60)
  com.nopcommerce.demo.pages.RegisterPage.getRegisterText(RegisterPage.java:60)
  com.nopcommerce.demo.pages.RegisterPage.getRegisterText(RegisterPage.java:60)
  com.nopcommerce.demo.pages.RegisterPage.getRegisterText(RegisterPage.java:60)
  com.nopcommerce.demo.pages.RegisterPage.getRegisterText(RegisterPage.java:60)
  com.nopcommerce.demo.pages.RegisterPage.getRegisterText(RegisterPage.java:60)
  com.nopcommerce.demo.pages.RegisterPage.getRegisterText(RegisterPage.java:60)
  com.nopcommerce.demo.pages.RegisterPage.getRegisterText(RegisterPage.java:60)
  com.nopcommerce.demo.pages.RegisterPage.getRegisterText(RegisterPage.java:60)
  com.nopcommerce.demo.pages.RegisterPage.getRegisterText(RegisterPage.java:60)
  com.nopcommerce.demo.pages.RegisterPage.getRegisterText(RegisterPage.java:60)
  com.nopcommerce.demo.pages.RegisterPage.getRegisterText(RegisterPage.java:60)
  com.nopcommerce.demo.pages.RegisterPage.getRegisterText(RegisterPage.java:60)
  com.nopcommerce.demo.pages.RegisterPage.getRegisterText(RegisterPage.java:60)
  com.nopcommerce.demo.pages.RegisterPage.getRegisterText(RegisterPage.java:60)
  com.nopcommerce.demo.pages.RegisterPage.getRegisterText(RegisterPage.java:60)
  com.nopcommerce.demo.pages.RegisterPage.getRegisterText(RegisterPage.java:60)
  com.nopcommerce.demo.pages.RegisterPage.getRegisterText(RegisterPage.java:60)
  com.nopcommerce.demo.pages.RegisterPage.getRegisterText(RegisterPage.java:60)
  com.nopcommerce.demo.pages.RegisterPage.getRegisterText(RegisterPage.java:60)
  com.nopcommerce.demo.pages.RegisterPage.getRegisterText(RegisterPage.java:60)
  com.nopcommerce.demo.pages.RegisterPage.getRegisterText(RegisterPage.java:60)
  com.nopcommerce.demo.pages.RegisterPage.getRegisterText(RegisterPage.java:60)
  com.nopcommerce.demo.pages.RegisterPage.getRegisterText(RegisterPage.java:60)
  com.nopcommerce.demo.pages.RegisterPage.getRegisterText(RegisterPage.java:60)
  com.nopcommerce.demo.pages.RegisterPage.getRegisterText(RegisterPage.java:60)
  com.nopcommerce.demo.pages.RegisterPage.getRegisterText(RegisterPage.java:60)
  com.nopcommerce.demo.pages.RegisterPage.getRegisterText(RegisterPage.java:60)
  com.nopcommerce.demo.pages.RegisterPage.getRegisterText(RegisterPage.java:60)
  com.nopcommerce.demo.pages.RegisterPage.getRegisterText(RegisterPage.java:60)
  com.nopcommerce.demo.pages.RegisterPage.getRegisterText(RegisterPage.java:60)
  com.nopcommerce.demo.pages.RegisterPage.getRegisterText(RegisterPage.java:60)
  com.nopcommerce.demo.pages.RegisterPage.getRegisterText(RegisterPage.java:60)
  com.nopcommerce.demo.pages.RegisterPage.getRegisterText(RegisterPage.java:60)
  com.nopcommerce.demo.pages.RegisterPage.getRegisterText(RegisterPage.java:60)
  com.nopcommerce.demo.pages.RegisterPage.getRegisterText(RegisterPage.java:60)
  com.nopcommerce.demo.pages.RegisterPage.getRegisterText(RegisterPage.java:60)
  com.nopcommerce.demo.pages.RegisterPage.getRegisterText(RegisterPage.java:60)
  com.nopcommerce.demo.pages.RegisterPage.getRegisterText(RegisterPage.java:60)
  com.nopcommerce.demo.pages.RegisterPage.getRegisterText(RegisterPage.java:60)
  com.nopcommerce.demo.pages.RegisterPage.getRegisterText(RegisterPage.java:60)
  com.nopcommerce.demo.pages.RegisterPage.getRegisterText(RegisterPage.java:60)
  com.nopcommerce.demo.pages.RegisterPage.getRegisterText(RegisterPage.java:60)
  com.nopcommerce.demo.pages.RegisterPage.getRegisterText(RegisterPage.java:60)
  com.nopcommerce.demo.pages.RegisterPage.getRegisterText(RegisterPage.java:60)
  com.nopcommerce.demo.pages.RegisterPage.getRegisterText(RegisterPage.java:60)
  com.nopcommerce.demo.pages.RegisterPage.getRegisterText(RegisterPage.java:60)
  com.nopcommerce.demo.pages.RegisterPage.getRegisterText(RegisterPage.java:60)
  com.nopcommerce.demo.pages.RegisterPage.getRegisterText(RegisterPage.java:60)
  com.nopcommerce.demo.pages.RegisterPage.getRegisterText(RegisterPage.java:60)
  com.nopcommerce.demo.pages.RegisterPage.getRegisterText(RegisterPage.java:60)
  com.nopcommerce.demo.pages.RegisterPage.getRegisterText(RegisterPage.java:60)
  com.nopcommerce.demo.pages.RegisterPage.getRegisterText(RegisterPage.java:60)
  com.nopcommerce.demo.pages.RegisterPage.getRegisterText(RegisterPage.java:60)
  com.nopcommerce.demo.pages.RegisterPage.getRegisterText(RegisterPage.java:60)
  com.nopcommerce.demo.pages.RegisterPage.getRegisterText(RegisterPage.java:60)
  com.nopcommerce.demo.pages.RegisterPage.getRegisterText(RegisterPage.java:60)
  com.nopcommerce.demo.pages.RegisterPage.getRegisterText(RegisterPage.java:60)
  com.nopcommerce.demo.pages.RegisterPage.getRegisterText(RegisterPage.java:60)
  com.nopcommerce.demo.pages.RegisterPage.getRegisterText(RegisterPage.java:60)
  com.nopcommerce.demo.pages.RegisterPage.getRegisterText(RegisterPage.java:60)
  com.nopcommerce.demo.pages.RegisterPage.getRegisterText(RegisterPage.java:60)
  com.nopcommerce.demo.pages.RegisterPage.getRegisterText(RegisterPage.java:60)
  com.nopcommerce.demo.pages.RegisterPage.getRegisterText(RegisterPage.java:60)
  com.nopcommerce.demo.pages.RegisterPage.getRegisterText(RegisterPage.java:60)
  com.nopcommerce.demo.pages.RegisterPage.getRegisterText(RegisterPage.java:60)
  com.nopcommerce.demo.pages.RegisterPage.getRegisterText(RegisterPage.java:60)
  com.nopcommerce.demo.pages.RegisterPage.getRegisterText(RegisterPage.java:60)
  com.nopcommerce.demo.pages.RegisterPage.getRegisterText(RegisterPage.java:60)
  com.nopcommerce.demo.pages.RegisterPage.getRegisterText(RegisterPage.java:60)
  com.nopcommerce.demo.pages.RegisterPage.getRegisterText(RegisterPage.java:60)
  com.nopcommerce.demo.pages.RegisterPage.getRegisterText(RegisterPage.java:60)
  com.nopcommerce.demo.pages.RegisterPage.getRegisterText(RegisterPage.java:60)
  com.nopcommerce.demo.pages.RegisterPage.getRegisterText(RegisterPage.java:60)
  com.nopcommerce.demo.pages.RegisterPage.getRegisterText(RegisterPage.java:60)
  com.nopcommerce.demo.pages.RegisterPage.getRegisterText(RegisterPage.java:60)
  com.nopcommerce.demo.pages.RegisterPage.getRegisterText(RegisterPage.java:60)
  com.nopcommerce.demo.pages.RegisterPage.getRegisterText(RegisterPage.java:60)
  com.nopcommerce.demo.pages.RegisterPage.getRegisterText(RegisterPage.java:60)
  com.nopcommerce.demo.pages.RegisterPage.getRegisterText(RegisterPage.java:60)
  com.nopcommerce.demo.pages.RegisterPage.getRegisterText(RegisterPage.java:60)
  com.nopcommerce.demo.pages.RegisterPage.getRegisterText(RegisterPage.java:60)
  com.nopcommerce.demo.pages.RegisterPage.getRegisterText(RegisterPage.java:60)
  com.nopcommerce.demo.pages.RegisterPage.getRegisterText(RegisterPage.java:60)
  com.nopcommerce.demo.pages.RegisterPage.getRegisterText(RegisterPage.java:60)
  com.nopcommerce.demo.pages.RegisterPage.getRegisterText(RegisterPage.java:60)
  com.nopcommerce.demo.pages.RegisterPage.getRegisterText(RegisterPage.java:60)
  com.nopcommerce.demo.pages.RegisterPage.getRegisterText(RegisterPage.java:60)
  com.nopcommerce.demo.pages.RegisterPage.getRegisterText(RegisterPage.java:60)
  com.nopcommerce.demo.pages.RegisterPage.getRegisterText(RegisterPage.java:60)
  com.nopcommerce.demo.pages.RegisterPage.getRegisterText(RegisterPage.java:60)
  com.nopcommerce.demo.pages.RegisterPage.getRegisterText(RegisterPage.java:60)
  com.nopcommerce.demo.pages.RegisterPage.getRegisterText(RegisterPage.java:60)
  com.nopcommerce.demo.pages.RegisterPage.getRegisterText(RegisterPage.java:60)
  com.nopcommerce.demo.pages.RegisterPage.getRegisterText(RegisterPage.java:60)
  com.nopcommerce.demo.pages.RegisterPage.getRegisterText(RegisterPage.java:60)
  com.nopcommerce.demo.pages.RegisterPage.getRegisterText(RegisterPage.java:60)
  com.nopcommerce.demo.pages.RegisterPage.getRegisterText(RegisterPage.java:60)
  com.nopcommerce.demo.pages.RegisterPage.getRegisterText(RegisterPage.java:60)
  com.nopcommerce.demo.pages.RegisterPage.getRegisterText(RegisterPage.java:60)
  com.nopcommerce.demo.pages.RegisterPage.getRegisterText(RegisterPage.java:60)
  com.nopcommerce.demo.pages.RegisterPage.getRegisterText(RegisterPage.java:60)
  com.nopcommerce.demo.pages.RegisterPage.getRegisterText(RegisterPage.java:60)
  com.nopcommerce.demo.pages.RegisterPage.getRegisterText(RegisterPage.java:60)
  com.nopcommerce.demo.pages.RegisterPage.getRegisterText(RegisterPage.java:60)
  com.nopcommerce.demo.pages.RegisterPage.getRegisterText(RegisterPage.java:60)
  com.nopcommerce.demo.pages.RegisterPage.getRegisterText(RegisterPage.java:60)
  com.nopcommerce.demo.pages.RegisterPage.getRegisterText(RegisterPage.java:60)
  com.nopcommerce.demo.pages.RegisterPage.getRegisterText(RegisterPage.java:60)
  com.nopcommerce.demo.pages.RegisterPage.getRegisterText(RegisterPage.java:60)
  com.nopcommerce.demo.pages.RegisterPage.getRegisterText(RegisterPage.java:60)
  com.nopcommerce.demo.pages.RegisterPage.getRegisterText(RegisterPage.java:60)
  com.nopcommerce.demo.pages.RegisterPage.getRegisterText(RegisterPage.java:60)
  com.nopcommerce.demo.pages.RegisterPage.getRegisterText(RegisterPage.java:60)
  com.nopcommerce.demo.pages.RegisterPage.getRegisterText(RegisterPage.java:60)
]]>
      </failure>

          </testcase>
  
  
            <testcase name="verifyThatFirstNameLastNameEmailPasswordAndConfirmPasswordFieldsAreMandatory" time="0.908" classname="com.nopcommerce.demo.testsuite.RegisterPageTest" />
                <testcase name="verifyUserShouldNavigateToRegisterPageSuccessfully" time="0.933" classname="com.nopcommerce.demo.testsuite.RegisterPageTest" />
      
</testsuite>
